2011-07-15 15:16 [@PAULGERONIMO-PC]
Internal #1: Launch session
2011-07-15 15:26 [2@PAULGERONIMO-PC]
Internal #1: Launch graph
2011-07-15 15:32 [2@PAULGERONIMO-PC]
Internal #1: Launch reservation
2011-07-16 06:46 [@PAULGERONIMO-PC]
Internal #1: Launch closeticket
2011-07-16 06:47 [@PAULGERONIMO-PC]
Internal #1: Launch alertnotclosed
2011-07-16 07:41 [@PAULGERONIMO-PC]
Internal #1: Launch slaticket
2011-07-16 07:41 [@PAULGERONIMO-PC]
Internal #1: Launch createinquest
2011-07-22 03:27 [@PAULGERONIMO-PC]
Internal #1: Launch watcher
2011-07-29 16:10 [@PAULGERONIMO-PC]
Internal #1: Launch contract
2011-07-29 17:34 [2@PAULGERONIMO-PC]
Internal #1: Launch infocom
2011-08-15 08:48 [@PAULGERONIMO-PC]
Internal #1: Launch optimize
2011-08-15 08:56 [2@PAULGERONIMO-PC]
Internal #1: Launch mailgate
2011-08-15 09:03 [2@PAULGERONIMO-PC]
Internal #1: Launch graph
2011-08-15 09:47 [2@PAULGERONIMO-PC]
Internal #1: Launch reservation
2011-08-15 09:47 [@PAULGERONIMO-PC]
Internal #1: Launch slaticket
2011-08-15 09:48 [4@PAULGERONIMO-PC]
Internal #1: Launch session
2011-08-15 09:54 [2@PAULGERONIMO-PC]
Internal #1: Launch closeticket
2011-08-15 10:02 [2@PAULGERONIMO-PC]
Internal #1: Launch alertnotclosed
2011-09-08 04:27 [@PAULGERONIMO-PC]
Internal #1: Launch createinquest
2011-09-08 04:27 [@PAULGERONIMO-PC]
Internal #1: Launch watcher
2011-09-08 05:00 [@PAULGERONIMO-PC]
Internal #1: Launch contract
2011-09-08 05:00 [@PAULGERONIMO-PC]
Internal #1: Launch infocom
2011-09-08 05:04 [@PAULGERONIMO-PC]
Internal #1: Launch mailgate
2011-09-08 05:58 [@PAULGERONIMO-PC]
Internal #1: Launch slaticket
2011-09-08 05:59 [@PAULGERONIMO-PC]
Internal #1: Launch graph
2011-09-08 06:00 [@PAULGERONIMO-PC]
Internal #1: Launch reservation
2011-09-08 06:07 [@PAULGERONIMO-PC]
Internal #1: Launch closeticket
2011-09-08 06:08 [@PAULGERONIMO-PC]
Internal #1: Launch alertnotclosed
2011-09-08 06:11 [@PAULGERONIMO-PC]
Internal #1: Launch session
2011-09-08 06:24 [@PAULGERONIMO-PC]
Internal #1: Launch optimize
2011-09-08 06:29 [@PAULGERONIMO-PC]
Internal #1: Launch mailgate
2011-09-08 06:31 [@PAULGERONIMO-PC]
Internal #1: Launch slaticket
2011-09-08 06:57 [@PAULGERONIMO-PC]
Internal #1: Launch slaticket
2011-09-08 07:13 [@PAULGERONIMO-PC]
Internal #1: Launch mailgate
2011-09-08 14:30 [@PAULGERONIMO-PC]
Internal #1: Launch graph
2011-09-08 14:55 [@PAULGERONIMO-PC]
Internal #1: Launch reservation
2011-09-08 15:37 [@PAULGERONIMO-PC]
Internal #1: Launch slaticket
2011-09-08 15:44 [@PAULGERONIMO-PC]
Internal #1: Launch mailgate
2011-09-08 15:44 [@PAULGERONIMO-PC]
Internal #1: Launch graph
2011-09-08 15:44 [@PAULGERONIMO-PC]
Internal #1: Launch slaticket
2011-09-08 15:44 [@PAULGERONIMO-PC]
Internal #1: Nothing to launch
2011-09-08 15:45 [@PAULGERONIMO-PC]
Internal #1: Nothing to launch
2011-09-08 15:48 [@PAULGERONIMO-PC]
Internal #1: Nothing to launch
2011-09-08 15:48 [@PAULGERONIMO-PC]
Internal #1: Nothing to launch
2011-09-08 15:49 [@PAULGERONIMO-PC]
Internal #1: Nothing to launch
2011-09-08 15:49 [@PAULGERONIMO-PC]
Internal #1: Nothing to launch
2011-09-08 15:49 [@PAULGERONIMO-PC]
Internal #1: Launch slaticket
2011-09-08 15:51 [@PAULGERONIMO-PC]
Internal #1: Nothing to launch
2011-09-08 15:51 [@PAULGERONIMO-PC]
Internal #1: Nothing to launch
2011-09-08 15:51 [@PAULGERONIMO-PC]
Internal #1: Nothing to launch
2011-09-08 16:27 [@PAULGERONIMO-PC]
Internal #1: Launch mailgate
2011-09-08 16:27 [@PAULGERONIMO-PC]
Internal #1: Launch slaticket
2011-09-08 16:27 [@PAULGERONIMO-PC]
Internal #1: Launch reservation
2011-09-09 07:32 [@PAULGERONIMO-PC]
Internal #1: Launch slaticket
2011-09-09 07:33 [@PAULGERONIMO-PC]
Internal #1: Launch mailgate
2011-09-09 07:38 [@PAULGERONIMO-PC]
Internal #1: Launch graph
2011-09-09 07:38 [@PAULGERONIMO-PC]
Internal #1: Launch reservation
2011-09-09 07:38 [@PAULGERONIMO-PC]
Internal #1: Launch closeticket
2011-09-09 07:46 [2@PAULGERONIMO-PC]
Internal #1: Launch alertnotclosed
2011-09-09 07:49 [@PAULGERONIMO-PC]
Internal #1: Launch createinquest
2011-09-09 07:50 [@PAULGERONIMO-PC]
Internal #1: Launch watcher
2011-09-09 08:54 [@PAULGERONIMO-PC]
Internal #1: Launch contract
2011-09-09 08:54 [@PAULGERONIMO-PC]
Internal #1: Launch infocom
2011-09-09 08:54 [@PAULGERONIMO-PC]
Internal #1: Launch session
2011-09-10 05:36 [@PAULGERONIMO-PC]
Internal #1: Launch slaticket
2011-09-10 05:37 [@PAULGERONIMO-PC]
Internal #1: Launch mailgate
2011-09-10 05:45 [2@PAULGERONIMO-PC]
Internal #1: Launch graph
2011-09-10 05:58 [2@PAULGERONIMO-PC]
Internal #1: Launch reservation
2011-09-10 06:01 [2@PAULGERONIMO-PC]
Internal #1: Launch closeticket
2011-09-10 06:48 [2@PAULGERONIMO-PC]
Internal #1: Launch alertnotclosed
2011-09-10 06:53 [2@PAULGERONIMO-PC]
Internal #1: Launch slaticket
2011-09-10 07:36 [6@PAULGERONIMO-PC]
Internal #1: Launch mailgate
2011-09-10 07:41 [6@PAULGERONIMO-PC]
Internal #1: Launch graph
2011-09-10 07:47 [6@PAULGERONIMO-PC]
Internal #1: Launch slaticket
2011-09-10 07:55 [6@PAULGERONIMO-PC]
Internal #1: Launch reservation
2011-09-10 07:57 [6@PAULGERONIMO-PC]
Internal #1: Launch mailgate
2011-09-12 02:20 [@PAULGERONIMO-PC]
Internal #1: Launch createinquest
2011-09-12 02:20 [2@PAULGERONIMO-PC]
Internal #1: Launch watcher
2011-09-12 02:21 [@PAULGERONIMO-PC]
Internal #1: Launch slaticket
2011-09-12 02:31 [2@PAULGERONIMO-PC]
Internal #1: Launch mailgate
2011-09-12 02:36 [2@PAULGERONIMO-PC]
Internal #1: Launch graph
2011-09-12 02:37 [@PAULGERONIMO-PC]
Internal #1: Launch contract
2011-09-12 02:39 [@PAULGERONIMO-PC]
Internal #1: Launch infocom
2011-09-12 02:40 [@PAULGERONIMO-PC]
Internal #1: Launch session
2011-09-12 02:48 [@PAULGERONIMO-PC]
Internal #1: Launch reservation
2011-09-12 02:48 [@PAULGERONIMO-PC]
Internal #1: Launch closeticket
2011-09-12 02:49 [@PAULGERONIMO-PC]
Internal #1: Launch alertnotclosed
2011-09-12 05:38 [2@PAULGERONIMO-PC]
Internal #1: Launch slaticket
2011-09-12 05:50 [2@PAULGERONIMO-PC]
Internal #1: Launch mailgate
2011-09-12 05:50 [2@PAULGERONIMO-PC]
Internal #1: Launch graph
2011-09-12 06:05 [@PAULGERONIMO-PC]
Internal #1: Launch reservation
2011-09-12 06:19 [@PAULGERONIMO-PC]
Internal #1: Launch slaticket
2011-09-12 06:30 [2@PAULGERONIMO-PC]
Internal #1: Launch mailgate
2011-09-12 06:31 [2@PAULGERONIMO-PC]
Internal #1: Launch slaticket
2011-09-12 06:37 [2@PAULGERONIMO-PC]
Internal #1: Launch slaticket
2011-09-12 06:42 [2@PAULGERONIMO-PC]
Internal #1: Launch mailgate
2011-09-12 06:50 [2@PAULGERONIMO-PC]
Internal #1: Launch slaticket
2011-09-12 06:56 [2@PAULGERONIMO-PC]
Internal #1: Launch graph
2011-09-12 06:57 [@PAULGERONIMO-PC]
Internal #1: Launch mailgate
2011-09-12 06:58 [@PAULGERONIMO-PC]
Internal #1: Launch slaticket
2011-09-12 07:05 [2@PAULGERONIMO-PC]
Internal #1: Launch slaticket
2011-09-12 07:16 [2@PAULGERONIMO-PC]
Internal #1: Launch reservation
2011-09-12 07:21 [2@PAULGERONIMO-PC]
Internal #1: Launch mailgate
2011-09-12 07:27 [2@PAULGERONIMO-PC]
Internal #1: Launch slaticket
2011-09-12 07:32 [2@PAULGERONIMO-PC]
Internal #1: Launch mailgate
2011-09-12 07:41 [2@PAULGERONIMO-PC]
Internal #1: Launch slaticket
2011-09-12 07:46 [2@PAULGERONIMO-PC]
Internal #1: Launch mailgate
2011-09-12 07:52 [2@PAULGERONIMO-PC]
Internal #1: Launch slaticket
2011-09-12 08:53 [2@PAULGERONIMO-PC]
Internal #1: Launch mailgate
2011-09-12 08:58 [2@PAULGERONIMO-PC]
Internal #1: Launch graph
2011-09-12 09:04 [2@PAULGERONIMO-PC]
Internal #1: Launch slaticket
2011-09-12 09:09 [2@PAULGERONIMO-PC]
Internal #1: Launch reservation
2011-09-12 09:17 [2@PAULGERONIMO-PC]
Internal #1: Launch mailgate
2011-09-12 09:19 [2@PAULGERONIMO-PC]
Internal #1: Launch slaticket
2011-09-12 09:19 [@PAULGERONIMO-PC]
Internal #1: Nothing to launch
2011-09-12 09:19 [@PAULGERONIMO-PC]
Internal #1: Nothing to launch
2011-09-12 09:25 [2@PAULGERONIMO-PC]
Internal #1: Launch slaticket
2011-09-12 09:31 [2@PAULGERONIMO-PC]
Internal #1: Launch mailgate
2011-09-12 09:37 [2@PAULGERONIMO-PC]
Internal #1: Launch slaticket
2011-09-12 09:40 [@PAULGERONIMO-PC]
Internal #1: Nothing to launch
2011-09-12 09:41 [@PAULGERONIMO-PC]
Internal #1: Launch mailgate
2011-09-12 09:47 [@PAULGERONIMO-PC]
Internal #1: Launch slaticket
2011-09-12 09:49 [@PAULGERONIMO-PC]
Internal #1: Nothing to launch
2011-09-12 09:58 [@PAULGERONIMO-PC]
Internal #1: Launch mailgate
2011-09-13 05:10 [@PAULGERONIMO-PC]
Internal #1: Launch slaticket
2011-09-13 05:37 [2@PAULGERONIMO-PC]
Internal #1: Launch graph
2011-09-13 05:39 [@PAULGERONIMO-PC]
Internal #1: Launch mailgate
2011-09-13 05:44 [@PAULGERONIMO-PC]
Internal #1: Launch reservation
2011-09-13 08:02 [@PAULGERONIMO-PC]
Internal #1: Launch closeticket
2011-09-13 19:52 [@PAULGERONIMO-PC]
Internal #1: Nothing to launch
2011-09-13 19:53 [@PAULGERONIMO-PC]
Internal #1: Nothing to launch
2011-09-13 19:53 [@PAULGERONIMO-PC]
Internal #1: Nothing to launch
2011-09-13 19:57 [@PAULGERONIMO-PC]
Internal #1: Launch slaticket
2011-09-13 20:39 [4@PAULGERONIMO-PC]
Internal #1: Launch mailgate
2011-09-13 20:43 [@PAULGERONIMO-PC]
Internal #1: Launch slaticket
2011-09-13 20:51 [@PAULGERONIMO-PC]
Internal #1: Launch closeticket
2011-09-13 20:51 [@PAULGERONIMO-PC]
Internal #1: Launch alertnotclosed
2011-09-13 21:11 [2@PAULGERONIMO-PC]
Internal #1: Launch reservation
2011-09-13 22:39 [@PAULGERONIMO-PC]
Internal #1: Launch slaticket
2011-09-14 08:09 [@PAULGERONIMO-PC]
Internal #1: Launch mailgate
2011-09-14 08:13 [@PAULGERONIMO-PC]
Internal #1: Launch graph
2011-09-14 08:16 [@PAULGERONIMO-PC]
Internal #1: Launch reservation
2011-09-14 08:16 [@PAULGERONIMO-PC]
Internal #1: Launch slaticket
2011-09-14 08:16 [@PAULGERONIMO-PC]
Internal #1: Launch createinquest
2011-09-14 08:16 [@PAULGERONIMO-PC]
Internal #1: Nothing to launch
2011-09-14 08:16 [@PAULGERONIMO-PC]
Internal #1: Nothing to launch
2011-09-14 08:16 [@PAULGERONIMO-PC]
Internal #1: Nothing to launch
2011-09-14 08:16 [@PAULGERONIMO-PC]
Internal #1: Nothing to launch
2011-09-14 08:17 [@PAULGERONIMO-PC]
Internal #1: Nothing to launch
2011-09-14 08:20 [@PAULGERONIMO-PC]
Internal #1: Launch watcher
2011-09-14 08:26 [@PAULGERONIMO-PC]
Internal #1: Launch mailgate
2011-09-14 08:40 [@PAULGERONIMO-PC]
Internal #1: Launch slaticket
2011-09-14 08:42 [@PAULGERONIMO-PC]
Internal #1: Launch contract
2011-09-14 08:47 [@PAULGERONIMO-PC]
Internal #1: Launch infocom
2011-09-14 08:47 [@PAULGERONIMO-PC]
Internal #1: Launch session
2011-09-14 08:47 [@PAULGERONIMO-PC]
Internal #1: Launch mailgate
2011-09-14 08:47 [@PAULGERONIMO-PC]
Internal #1: Launch slaticket
2011-09-14 08:47 [@PAULGERONIMO-PC]
Internal #1: Nothing to launch
2011-09-14 08:53 [@PAULGERONIMO-PC]
Internal #1: Launch closeticket
2011-09-14 08:53 [@PAULGERONIMO-PC]
Internal #1: Launch alertnotclosed
2011-09-15 20:51 [@LORENZO-PC]
Internal #1: Launch session
2011-09-15 20:57 [2@LORENZO-PC]
Internal #1: Launch graph
2011-09-15 21:01 [@LORENZO-PC]
Internal #1: Launch reservation
2011-09-15 21:02 [@LORENZO-PC]
Internal #1: Launch closeticket
2011-09-15 21:07 [7@LORENZO-PC]
Internal #1: Launch alertnotclosed
2011-09-15 21:09 [@LORENZO-PC]
Internal #1: Launch slaticket
2011-09-15 21:09 [@LORENZO-PC]
Internal #1: Launch createinquest
2011-09-15 21:10 [@LORENZO-PC]
Internal #1: Launch watcher
2011-09-15 21:13 [@LORENZO-PC]
Internal #1: Launch contract
2011-09-15 21:13 [@LORENZO-PC]
Internal #1: Launch infocom
2011-09-15 21:20 [6@LORENZO-PC]
Internal #1: Launch optimize
2011-09-15 21:25 [6@LORENZO-PC]
Internal #1: Launch mailgate
2011-09-15 21:30 [6@LORENZO-PC]
Internal #1: Launch slaticket
2011-09-15 21:38 [6@LORENZO-PC]
Internal #1: Launch mailgate
2011-09-16 00:18 [6@LORENZO-PC]
Internal #1: Launch slaticket
2011-09-16 00:20 [@LORENZO-PC]
Internal #1: Launch mailgate
2011-09-16 00:21 [@LORENZO-PC]
Internal #1: Launch graph
2011-09-16 00:21 [@LORENZO-PC]
Internal #1: Launch reservation
2011-09-16 00:23 [@LORENZO-PC]
Internal #1: Launch slaticket
2011-09-16 00:23 [@LORENZO-PC]
Internal #1: Nothing to launch
2011-09-16 00:23 [@LORENZO-PC]
Internal #1: Nothing to launch
2011-09-16 00:23 [@LORENZO-PC]
Internal #1: Nothing to launch
2011-09-16 00:25 [@LORENZO-PC]
Internal #1: Nothing to launch
2011-09-16 00:25 [@LORENZO-PC]
Internal #1: Nothing to launch
2011-09-16 00:26 [@LORENZO-PC]
Internal #1: Nothing to launch
2011-09-16 00:27 [@LORENZO-PC]
Internal #1: Nothing to launch
2011-09-16 00:28 [@LORENZO-PC]
Internal #1: Nothing to launch
2011-09-16 00:28 [@LORENZO-PC]
Internal #1: Launch slaticket
2011-09-16 00:33 [@LORENZO-PC]
Internal #1: Launch mailgate
2011-09-16 00:34 [@LORENZO-PC]
Internal #1: Launch slaticket
2011-09-16 00:34 [@LORENZO-PC]
Internal #1: Nothing to launch
2011-09-16 00:35 [@LORENZO-PC]
Internal #1: Nothing to launch
2011-09-16 00:37 [@LORENZO-PC]
Internal #1: Nothing to launch
2011-09-16 00:37 [@LORENZO-PC]
Internal #1: Nothing to launch
2011-09-16 00:40 [@LORENZO-PC]
Internal #1: Launch slaticket
2011-09-16 00:41 [@LORENZO-PC]
Internal #1: Nothing to launch
2011-09-17 10:41 [@ARDOWZ-PC]
Internal #1: Launch session
2011-09-18 07:35 [@ARDOWZ-PC]
Internal #1: Launch graph
2011-09-18 07:41 [@ARDOWZ-PC]
Internal #1: Launch reservation
2011-09-18 07:41 [@ARDOWZ-PC]
Internal #1: Launch closeticket
2011-09-18 07:43 [2@ARDOWZ-PC]
Internal #1: Launch alertnotclosed
2011-09-18 07:44 [@ARDOWZ-PC]
Internal #1: Launch slaticket
2011-09-18 07:44 [2@ARDOWZ-PC]
Internal #1: Launch createinquest
2011-09-18 07:45 [2@ARDOWZ-PC]
Internal #1: Launch watcher
2011-09-18 07:45 [@ARDOWZ-PC]
Internal #1: Launch contract
2011-09-18 07:45 [2@ARDOWZ-PC]
Internal #1: Launch infocom
2011-09-18 07:46 [@ARDOWZ-PC]
Internal #1: Launch optimize
2011-09-18 07:47 [2@ARDOWZ-PC]
Internal #1: Launch mailgate
2011-09-18 07:51 [@ARDOWZ-PC]
Internal #1: Launch slaticket
2011-09-18 07:53 [@ARDOWZ-PC]
Internal #1: Nothing to launch
2011-09-18 08:13 [2@ARDOWZ-PC]
Internal #1: Launch slaticket
2011-09-18 08:13 [2@ARDOWZ-PC]
Internal #1: Launch mailgate
2011-09-18 08:16 [@ARDOWZ-PC]
Internal #1: Nothing to launch
2011-09-18 08:23 [2@ARDOWZ-PC]
Internal #1: Launch slaticket
2011-09-18 08:30 [2@ARDOWZ-PC]
Internal #1: Launch mailgate
2011-09-18 08:33 [@ARDOWZ-PC]
Internal #1: Launch slaticket
2011-09-18 08:35 [2@ARDOWZ-PC]
Internal #1: Launch graph
2011-09-18 08:39 [2@ARDOWZ-PC]
Internal #1: Launch slaticket
2011-09-18 08:39 [2@ARDOWZ-PC]
Internal #1: Nothing to launch
2011-09-18 08:41 [2@ARDOWZ-PC]
Internal #1: Launch mailgate
2011-09-18 08:46 [2@ARDOWZ-PC]
Internal #1: Launch reservation
2011-09-18 08:46 [2@ARDOWZ-PC]
Internal #1: Launch slaticket
2011-09-18 08:48 [2@ARDOWZ-PC]
Internal #1: Nothing to launch
2011-09-18 08:51 [2@ARDOWZ-PC]
Internal #1: Launch mailgate
2011-09-18 09:01 [2@ARDOWZ-PC]
Internal #1: Launch slaticket
2011-09-18 09:11 [@ARDOWZ-PC]
Internal #1: Launch mailgate
2011-09-18 09:16 [@ARDOWZ-PC]
Internal #1: Launch slaticket
2011-09-18 09:24 [2@ARDOWZ-PC]
Internal #1: Launch slaticket
2011-09-18 09:24 [2@ARDOWZ-PC]
Internal #1: Launch mailgate
2011-09-18 09:27 [@ARDOWZ-PC]
Internal #1: Nothing to launch
2011-09-18 09:28 [2@ARDOWZ-PC]
Internal #1: Nothing to launch
2011-09-18 09:29 [@ARDOWZ-PC]
Internal #1: Nothing to launch
2011-09-18 09:36 [2@ARDOWZ-PC]
Internal #1: Launch slaticket
2011-09-18 09:41 [2@ARDOWZ-PC]
Internal #1: Launch mailgate
2011-09-18 09:43 [2@ARDOWZ-PC]
Internal #1: Launch graph
2011-09-18 09:47 [2@ARDOWZ-PC]
Internal #1: Launch slaticket
2011-09-18 09:49 [@ARDOWZ-PC]
Internal #1: Launch reservation
2011-09-18 09:50 [@ARDOWZ-PC]
Internal #1: Nothing to launch
2011-09-18 09:52 [2@ARDOWZ-PC]
Internal #1: Launch mailgate
2011-09-18 09:55 [2@ARDOWZ-PC]
Internal #1: Launch slaticket
2011-09-18 09:55 [@ARDOWZ-PC]
Internal #1: Nothing to launch
2011-09-18 10:00 [2@ARDOWZ-PC]
Internal #1: Nothing to launch
2011-09-18 10:05 [2@ARDOWZ-PC]
Internal #1: Launch slaticket
2011-09-18 10:05 [2@ARDOWZ-PC]
Internal #1: Launch mailgate
2011-09-18 10:11 [2@ARDOWZ-PC]
Internal #1: Launch slaticket
2011-09-18 10:28 [2@ARDOWZ-PC]
Internal #1: Launch mailgate
2011-09-18 10:34 [2@ARDOWZ-PC]
Internal #1: Launch slaticket
2011-09-18 10:41 [2@ARDOWZ-PC]
Internal #1: Launch mailgate
2011-09-18 10:41 [@ARDOWZ-PC]
Internal #1: Launch slaticket
2011-09-18 10:43 [2@ARDOWZ-PC]
Internal #1: Launch session
2011-09-18 10:48 [2@ARDOWZ-PC]
Internal #1: Launch graph
2011-09-18 10:55 [2@ARDOWZ-PC]
Internal #1: Launch slaticket
2011-09-18 10:56 [@ARDOWZ-PC]
Internal #1: Launch reservation
2011-09-18 11:00 [2@ARDOWZ-PC]
Internal #1: Launch mailgate
2011-09-18 11:09 [2@ARDOWZ-PC]
Internal #1: Launch slaticket
2011-09-18 11:14 [2@ARDOWZ-PC]
Internal #1: Launch mailgate
2011-09-18 11:20 [2@ARDOWZ-PC]
Internal #1: Launch slaticket
2011-09-18 11:27 [2@ARDOWZ-PC]
Internal #1: Launch mailgate
2011-09-18 11:30 [@ARDOWZ-PC]
Internal #1: Launch session
2011-09-18 11:31 [@ARDOWZ-PC]
Internal #1: Launch graph
2011-09-18 11:31 [@ARDOWZ-PC]
Internal #1: Launch reservation
2011-09-18 11:31 [@ARDOWZ-PC]
Internal #1: Launch closeticket
2011-09-18 11:36 [2@ARDOWZ-PC]
Internal #1: Launch alertnotclosed
2011-09-18 11:36 [2@ARDOWZ-PC]
Internal #1: Launch slaticket
2011-09-18 11:38 [2@ARDOWZ-PC]
Internal #1: Launch createinquest
2011-09-18 11:41 [2@ARDOWZ-PC]
Internal #1: Launch watcher
2011-09-18 11:41 [2@ARDOWZ-PC]
Internal #1: Launch contract
2011-09-18 11:43 [2@ARDOWZ-PC]
Internal #1: Launch infocom
2011-09-18 11:43 [2@ARDOWZ-PC]
Internal #1: Launch optimize
2011-09-18 11:46 [2@ARDOWZ-PC]
Internal #1: Launch mailgate
2011-09-18 11:47 [2@ARDOWZ-PC]
Internal #1: Launch slaticket
2011-09-18 11:48 [2@ARDOWZ-PC]
Internal #1: Nothing to launch
2011-09-18 11:48 [2@ARDOWZ-PC]
Internal #1: Nothing to launch
2011-09-18 11:51 [@ARDOWZ-PC]
Internal #1: Nothing to launch
2011-09-18 11:52 [2@ARDOWZ-PC]
Internal #1: Launch slaticket
2011-09-18 11:53 [2@ARDOWZ-PC]
Internal #1: Nothing to launch
2011-09-18 11:56 [2@ARDOWZ-PC]
Internal #1: Nothing to launch
2011-09-18 12:00 [2@ARDOWZ-PC]
Internal #1: Launch mailgate
2011-09-18 12:01 [2@ARDOWZ-PC]
Internal #1: Launch slaticket
2011-09-18 12:05 [2@ARDOWZ-PC]
Internal #1: Nothing to launch
2011-09-18 12:05 [2@ARDOWZ-PC]
Internal #1: Nothing to launch
2011-09-18 12:12 [2@ARDOWZ-PC]
Internal #1: Launch slaticket
2011-09-18 12:18 [2@ARDOWZ-PC]
Internal #1: Launch mailgate
2011-09-18 12:23 [2@ARDOWZ-PC]
Internal #1: Launch slaticket
2011-09-18 12:29 [2@ARDOWZ-PC]
Internal #1: Launch mailgate
2011-09-18 12:30 [2@ARDOWZ-PC]
Internal #1: Launch slaticket
2011-09-19 03:00 [@ARDOWZ-PC]
Internal #1: Launch graph
2011-09-19 03:00 [@ARDOWZ-PC]
Internal #1: Launch reservation
2011-09-19 03:05 [2@ARDOWZ-PC]
Internal #1: Launch slaticket
2011-09-19 03:08 [@ARDOWZ-PC]
Internal #1: Launch mailgate
2011-09-19 03:09 [@ARDOWZ-PC]
Internal #1: Launch closeticket
2011-09-19 03:09 [@ARDOWZ-PC]
Internal #1: Launch alertnotclosed
2011-09-19 03:09 [@ARDOWZ-PC]
Internal #1: Nothing to launch
2011-09-19 03:09 [@ARDOWZ-PC]
Internal #1: Nothing to launch
2011-09-19 03:11 [@ARDOWZ-PC]
Internal #1: Launch slaticket
2011-09-19 03:11 [@ARDOWZ-PC]
Internal #1: Nothing to launch
2011-09-19 03:12 [@ARDOWZ-PC]
Internal #1: Nothing to launch
2011-09-19 03:13 [@ARDOWZ-PC]
Internal #1: Nothing to launch
2011-09-19 03:14 [@ARDOWZ-PC]
Internal #1: Nothing to launch
2011-09-19 03:15 [2@ARDOWZ-PC]
Internal #1: Nothing to launch
2011-09-19 03:24 [6@ARDOWZ-PC]
Internal #1: Launch slaticket
2011-09-19 03:36 [2@ARDOWZ-PC]
Internal #1: Launch mailgate
2011-09-19 03:55 [2@ARDOWZ-PC]
Internal #1: Launch slaticket
2011-09-19 03:56 [@ARDOWZ-PC]
Internal #1: Launch mailgate
2011-09-19 03:56 [@ARDOWZ-PC]
Internal #1: Nothing to launch
2011-09-19 03:58 [@ARDOWZ-PC]
Internal #1: Nothing to launch
2011-09-19 03:58 [@ARDOWZ-PC]
Internal #1: Nothing to launch
2011-09-19 04:00 [@ARDOWZ-PC]
Internal #1: Launch graph
2011-09-19 04:08 [@ARDOWZ-PC]
Internal #1: Launch reservation
2011-09-19 04:08 [@ARDOWZ-PC]
Internal #1: Launch slaticket
2011-09-19 04:09 [@ARDOWZ-PC]
Internal #1: Launch mailgate
2011-09-19 04:13 [@ARDOWZ-PC]
Internal #1: Nothing to launch
2011-09-19 04:15 [@ARDOWZ-PC]
Internal #1: Launch slaticket
2011-09-21 07:15 [@ARDOWZ-PC]
Internal #1: Launch mailgate
2011-09-29 08:30 [@USER-PC]
Internal #1: Launch slaticket
2011-09-30 10:14 [@USER-PC]
Internal #1: Launch graph
2011-09-30 10:15 [@USER-PC]
Internal #1: Launch reservation
2011-09-30 10:15 [@USER-PC]
Internal #1: Launch session
2011-09-30 10:16 [@USER-PC]
Internal #1: Launch createinquest
2011-09-30 10:18 [@USER-PC]
Internal #1: Launch watcher
2011-09-30 10:22 [@USER-PC]
Internal #1: Launch contract
2011-09-30 10:31 [10@USER-PC]
Internal #1: Launch infocom
2011-09-30 10:32 [2@USER-PC]
Internal #1: Launch closeticket
2011-09-30 10:34 [@USER-PC]
Internal #1: Launch alertnotclosed
2011-09-30 10:39 [10@USER-PC]
Internal #1: Launch mailgate
2011-09-30 10:47 [10@USER-PC]
Internal #1: Launch optimize
2011-09-30 10:49 [2@USER-PC]
Internal #1: Launch slaticket
2011-09-30 10:54 [2@USER-PC]
Internal #1: Launch mailgate
2011-09-30 10:55 [10@USER-PC]
Internal #1: Launch slaticket
2011-09-30 10:57 [10@USER-PC]
Internal #1: Nothing to launch
2011-09-30 11:03 [10@USER-PC]
Internal #1: Launch slaticket
2011-09-30 11:08 [10@USER-PC]
Internal #1: Launch mailgate
2011-09-30 11:11 [10@USER-PC]
Internal #1: Launch slaticket
2011-10-04 23:10 [@USER-PC]
Internal #1: Launch mailgate
2011-10-04 23:10 [@USER-PC]
Internal #1: Launch slaticket
2011-10-04 23:11 [@USER-PC]
Internal #1: Nothing to launch
2011-10-04 23:16 [2@USER-PC]
Internal #1: Launch slaticket
2011-10-04 23:20 [@USER-PC]
Internal #1: Launch mailgate
2011-10-04 23:21 [@USER-PC]
Internal #1: Nothing to launch
2011-10-04 23:21 [@USER-PC]
Internal #1: Nothing to launch
2011-10-04 23:26 [2@USER-PC]
Internal #1: Launch slaticket
2011-10-04 23:32 [2@USER-PC]
Internal #1: Launch mailgate
2011-10-04 23:37 [2@USER-PC]
Internal #1: Launch slaticket
