Test
Test
Test
Test
Test
Test
2011-09-09 07:50 [6@PAULGERONIMO-PC]
Runtime Notice(2048): Non-static method TicketValidation::canCreate() should not be called statically, assuming $this from incompatible context
Backtrace :
C:\xampp\htdocs\GLPI\inc\ticket.class.php:593		userErrorHandlerNormal()
C:\xampp\htdocs\GLPI\inc\commondbtm.class.php:848		Ticket->prepareInputForUpdate()
C:\xampp\htdocs\GLPI\inc\document_item.class.php:79		CommonDBTM->update()
C:\xampp\htdocs\GLPI\inc\commondbtm.class.php:667		Document_Item->post_addItem()
C:\xampp\htdocs\GLPI\inc\ticket.class.php:2129		CommonDBTM->add()
C:\xampp\htdocs\GLPI\inc\ticket.class.php:1598		Ticket->addFiles()
C:\xampp\htdocs\GLPI\inc\commondbtm.class.php:667		Ticket->post_addItem()
C:\xampp\htdocs\GLPI\front\tracking.injector.php:76		CommonDBTM->add()

2011-09-09 07:50 [6@PAULGERONIMO-PC]
Warning(2): sha1_file(C:\xampp\tmp\php6D6.tmp) [<a href='function.sha1-file'>function.sha1-file</a>]: failed to open stream: No such file or directory
Backtrace :
C:\xampp\htdocs\GLPI\inc\document.class.php:468		sha1_file()
C:\xampp\htdocs\GLPI\inc\ticket.class.php:2114		Document->getFromDBbyContent()
C:\xampp\htdocs\GLPI\inc\ticket.class.php:798		Ticket->addFiles()
C:\xampp\htdocs\GLPI\inc\commondbtm.class.php:848		Ticket->prepareInputForUpdate()
C:\xampp\htdocs\GLPI\inc\document_item.class.php:79		CommonDBTM->update()
C:\xampp\htdocs\GLPI\inc\commondbtm.class.php:667		Document_Item->post_addItem()
C:\xampp\htdocs\GLPI\inc\ticket.class.php:2129		CommonDBTM->add()
C:\xampp\htdocs\GLPI\inc\ticket.class.php:1598		Ticket->addFiles()
C:\xampp\htdocs\GLPI\inc\commondbtm.class.php:667		Ticket->post_addItem()
C:\xampp\htdocs\GLPI\front\tracking.injector.php:76		CommonDBTM->add()

2011-09-14 08:47 [@PAULGERONIMO-PC]
Notice(8): Undefined index: submit
Backtrace :
C:\xampp\htdocs\GLPI\index.php:115		userErrorHandlerNormal()

2011-09-14 08:47 [@PAULGERONIMO-PC]
Notice(8): Undefined index: button
Backtrace :
C:\xampp\htdocs\GLPI\index.php:115		userErrorHandlerNormal()

2011-09-14 08:47 [@PAULGERONIMO-PC]
Notice(8): Undefined index: button
Backtrace :
C:\xampp\htdocs\GLPI\index.php:115		userErrorHandlerNormal()

2011-09-14 08:47 [@PAULGERONIMO-PC]
Notice(8): Undefined index: button
Backtrace :
C:\xampp\htdocs\GLPI\index.php:115		userErrorHandlerNormal()

Test
Test
2011-09-15 21:20 [6@LORENZO-PC]
Warning(2): Cannot modify header information - headers already sent by (output started at C:\xampp\htdocs\paul\inc\display.function.php:1251)
Backtrace :
C:\xampp\htdocs\paul\front\setup.templates.php:51		header()

2011-09-15 21:29 [6@LORENZO-PC]
Notice(8): Undefined variable: item
Backtrace :
C:\xampp\htdocs\paul\front\setup.templates.php:48		userErrorHandlerNormal()

2011-09-15 21:29 [6@LORENZO-PC]
Notice(8): Undefined variable: item
Backtrace :
C:\xampp\htdocs\paul\front\setup.templates.php:48		userErrorHandlerNormal()

2011-09-15 21:29 [6@LORENZO-PC]
Notice(8): Undefined variable: item
Backtrace :
C:\xampp\htdocs\paul\front\setup.templates.php:48		userErrorHandlerNormal()

2011-09-15 21:30 [6@LORENZO-PC]
Notice(8): Undefined variable: item
Backtrace :
C:\xampp\htdocs\paul\front\setup.templates.php:48		userErrorHandlerNormal()

2011-09-15 21:30 [6@LORENZO-PC]
Notice(8): Undefined variable: item
Backtrace :
C:\xampp\htdocs\paul\front\setup.templates.php:48		userErrorHandlerNormal()

2011-09-15 21:30 [6@LORENZO-PC]
Notice(8): Undefined variable: item
Backtrace :
C:\xampp\htdocs\paul\front\setup.templates.php:48		userErrorHandlerNormal()

2011-09-15 21:30 [6@LORENZO-PC]
Notice(8): Undefined variable: item
Backtrace :
C:\xampp\htdocs\paul\front\setup.templates.php:48		userErrorHandlerNormal()

2011-09-16 00:28 [8@LORENZO-PC]
Runtime Notice(2048): Non-static method TicketValidation::canCreate() should not be called statically, assuming $this from incompatible context
Backtrace :
C:\xampp\htdocs\paul\inc\ticket.class.php:593		userErrorHandlerNormal()
C:\xampp\htdocs\paul\inc\commondbtm.class.php:848		Ticket->prepareInputForUpdate()
C:\xampp\htdocs\paul\front\ticket.form.php:73		CommonDBTM->update()

Test
Test
2011-09-18 08:32 [2@ARDOWZ-PC]
Warning(2): mysql_query() [<a href='function.mysql-query'>function.mysql-query</a>]: Unable to save result set
Backtrace :
C:\xampp\htdocs\paul\inc\dbmysql.class.php:177		mysql_query()
C:\xampp\htdocs\paul\inc\dbmysql.class.php:372		DBmysql->query()
C:\xampp\htdocs\paul\inc\commondbtm.class.php:233		DBmysql->list_fields()
C:\xampp\htdocs\paul\inc\commondbtm.class.php:2074		CommonDBTM->getEmpty()
C:\xampp\htdocs\paul\ajax\dropdownValue.php:98		CommonDBTM->maybeDeleted()
C:\xampp\htdocs\paul\inc\ajax.function.php:63		include()
C:\xampp\htdocs\paul\inc\dropdown.class.php:180		ajaxDropdown()
C:\xampp\htdocs\paul\inc\monitor.class.php:274		Dropdown::show()
C:\xampp\htdocs\paul\front\monitor.form.php:100		Monitor->showForm()

Test
2011-09-30 10:25 [10@USER-PC]
Notice(8): Undefined variable: glpiactiveprofile
Backtrace :
C:\xampp\htdocs\itams\inc\display.function.php:2228		userErrorHandlerNormal()
C:\xampp\htdocs\itams\front\helpdesk.public.php:89		printHelpDesk()

2011-09-30 10:28 [2@USER-PC]
Notice(8): Undefined offset: 0
Backtrace :
C:\xampp\htdocs\itams\inc\common.function.php:342		userErrorHandlerNormal()
C:\xampp\htdocs\itams\front\central.php:68		userErrorHandlerDebug()

2011-10-03 01:20 [10@USER-PC]
Notice(8): Undefined variable: id
Backtrace :
C:\xampp\htdocs\itams\inc\ticket.class.php:2877		userErrorHandlerNormal()
C:\xampp\htdocs\itams\inc\display.function.php:2291		Ticket::profileUrgency()
C:\xampp\htdocs\itams\front\helpdesk.public.php:89		printHelpDesk()

2011-10-03 01:22 [6@USER-PC]
Notice(8): Undefined variable: id
Backtrace :
C:\xampp\htdocs\itams\inc\ticket.class.php:2877		userErrorHandlerNormal()
C:\xampp\htdocs\itams\inc\display.function.php:2291		Ticket::profileUrgency()
C:\xampp\htdocs\itams\front\helpdesk.public.php:89		printHelpDesk()

2011-10-03 18:16 [10@USER-PC]
Notice(8): Undefined variable: id
Backtrace :
C:\xampp\htdocs\itams\inc\ticket.class.php:2877		userErrorHandlerNormal()
C:\xampp\htdocs\itams\inc\display.function.php:2291		Ticket::profileUrgency()
C:\xampp\htdocs\itams\front\helpdesk.public.php:89		printHelpDesk()

2011-10-03 18:19 [10@USER-PC]
Notice(8): Undefined variable: id
Backtrace :
C:\xampp\htdocs\itams\inc\ticket.class.php:2877		userErrorHandlerNormal()
C:\xampp\htdocs\itams\inc\display.function.php:2291		Ticket::profileUrgency()
C:\xampp\htdocs\itams\front\helpdesk.public.php:89		printHelpDesk()

2011-10-03 18:22 [10@USER-PC]
Notice(8): Undefined variable: id
Backtrace :
C:\xampp\htdocs\itams\inc\ticket.class.php:2877		userErrorHandlerNormal()
C:\xampp\htdocs\itams\inc\display.function.php:2291		Ticket::profileUrgency()
C:\xampp\htdocs\itams\front\helpdesk.public.php:89		printHelpDesk()

2011-10-03 18:23 [6@USER-PC]
Notice(8): Undefined variable: id
Backtrace :
C:\xampp\htdocs\itams\inc\ticket.class.php:2877		userErrorHandlerNormal()
C:\xampp\htdocs\itams\inc\display.function.php:2291		Ticket::profileUrgency()
C:\xampp\htdocs\itams\front\helpdesk.public.php:89		printHelpDesk()

2011-10-03 18:35 [2@USER-PC]
Notice(8): Undefined variable: rand_observer_ticket
Backtrace :
C:\xampp\htdocs\itams\inc\ticket.class.php:4159		userErrorHandlerNormal()
C:\xampp\htdocs\itams\inc\ticket.class.php:4634		Ticket->showActorsPartForm()
C:\xampp\htdocs\itams\front\ticket.form.php:175		Ticket->showForm()

2011-10-03 18:35 [2@USER-PC]
Notice(8): Undefined variable: rand_observer_ticket
Backtrace :
C:\xampp\htdocs\itams\inc\ticket.class.php:4160		userErrorHandlerNormal()
C:\xampp\htdocs\itams\inc\ticket.class.php:4634		Ticket->showActorsPartForm()
C:\xampp\htdocs\itams\front\ticket.form.php:175		Ticket->showForm()

2011-10-03 18:35 [2@USER-PC]
Notice(8): Undefined variable: candeleteobserver
Backtrace :
C:\xampp\htdocs\itams\inc\ticket.class.php:4173		userErrorHandlerNormal()
C:\xampp\htdocs\itams\inc\ticket.class.php:4634		Ticket->showActorsPartForm()
C:\xampp\htdocs\itams\front\ticket.form.php:175		Ticket->showForm()

2011-10-03 18:35 [2@USER-PC]
Notice(8): Undefined variable: candeleteobserver
Backtrace :
C:\xampp\htdocs\itams\inc\ticket.class.php:4183		userErrorHandlerNormal()
C:\xampp\htdocs\itams\inc\ticket.class.php:4634		Ticket->showActorsPartForm()
C:\xampp\htdocs\itams\front\ticket.form.php:175		Ticket->showForm()

2011-10-03 18:36 [2@USER-PC]
Notice(8): Undefined variable: rand_observer_ticket
Backtrace :
C:\xampp\htdocs\itams\inc\ticket.class.php:4160		userErrorHandlerNormal()
C:\xampp\htdocs\itams\inc\ticket.class.php:4640		Ticket->showActorsPartForm()
C:\xampp\htdocs\itams\front\ticket.form.php:175		Ticket->showForm()

2011-10-03 18:36 [2@USER-PC]
Notice(8): Undefined variable: rand_observer_ticket
Backtrace :
C:\xampp\htdocs\itams\inc\ticket.class.php:4161		userErrorHandlerNormal()
C:\xampp\htdocs\itams\inc\ticket.class.php:4640		Ticket->showActorsPartForm()
C:\xampp\htdocs\itams\front\ticket.form.php:175		Ticket->showForm()

2011-10-03 18:37 [2@USER-PC]
Notice(8): Undefined variable: rand_observer_ticket
Backtrace :
C:\xampp\htdocs\itams\inc\ticket.class.php:4160		userErrorHandlerNormal()
C:\xampp\htdocs\itams\inc\ticket.class.php:4640		Ticket->showActorsPartForm()
C:\xampp\htdocs\itams\front\ticket.form.php:175		Ticket->showForm()

2011-10-03 18:37 [2@USER-PC]
Notice(8): Undefined variable: rand_observer_ticket
Backtrace :
C:\xampp\htdocs\itams\inc\ticket.class.php:4161		userErrorHandlerNormal()
C:\xampp\htdocs\itams\inc\ticket.class.php:4640		Ticket->showActorsPartForm()
C:\xampp\htdocs\itams\front\ticket.form.php:175		Ticket->showForm()

2011-10-03 18:37 [2@USER-PC]
Notice(8): Undefined variable: rand_observer_ticket
Backtrace :
C:\xampp\htdocs\itams\inc\ticket.class.php:4160		userErrorHandlerNormal()
C:\xampp\htdocs\itams\inc\ticket.class.php:4640		Ticket->showActorsPartForm()
C:\xampp\htdocs\itams\front\ticket.form.php:175		Ticket->showForm()

2011-10-03 18:37 [2@USER-PC]
Notice(8): Undefined variable: rand_observer_ticket
Backtrace :
C:\xampp\htdocs\itams\inc\ticket.class.php:4161		userErrorHandlerNormal()
C:\xampp\htdocs\itams\inc\ticket.class.php:4640		Ticket->showActorsPartForm()
C:\xampp\htdocs\itams\front\ticket.form.php:175		Ticket->showForm()

2011-10-03 18:37 [2@USER-PC]
Notice(8): Undefined variable: rand_observer_ticket
Backtrace :
C:\xampp\htdocs\itams\inc\ticket.class.php:4160		userErrorHandlerNormal()
C:\xampp\htdocs\itams\inc\ticket.class.php:4642		Ticket->showActorsPartForm()
C:\xampp\htdocs\itams\front\ticket.form.php:175		Ticket->showForm()

2011-10-03 18:37 [2@USER-PC]
Notice(8): Undefined variable: rand_observer_ticket
Backtrace :
C:\xampp\htdocs\itams\inc\ticket.class.php:4161		userErrorHandlerNormal()
C:\xampp\htdocs\itams\inc\ticket.class.php:4642		Ticket->showActorsPartForm()
C:\xampp\htdocs\itams\front\ticket.form.php:175		Ticket->showForm()

2011-10-03 18:39 [2@USER-PC]
Notice(8): Undefined variable: idurgency
Backtrace :
C:\xampp\htdocs\itams\inc\ticket.class.php:4589		userErrorHandlerNormal()
C:\xampp\htdocs\itams\front\ticket.form.php:175		Ticket->showForm()

2011-10-03 18:39 [2@USER-PC]
Notice(8): Undefined variable: rand_observer_ticket
Backtrace :
C:\xampp\htdocs\itams\inc\ticket.class.php:4160		userErrorHandlerNormal()
C:\xampp\htdocs\itams\inc\ticket.class.php:4645		Ticket->showActorsPartForm()
C:\xampp\htdocs\itams\front\ticket.form.php:175		Ticket->showForm()

2011-10-03 18:39 [2@USER-PC]
Notice(8): Undefined variable: rand_observer_ticket
Backtrace :
C:\xampp\htdocs\itams\inc\ticket.class.php:4161		userErrorHandlerNormal()
C:\xampp\htdocs\itams\inc\ticket.class.php:4645		Ticket->showActorsPartForm()
C:\xampp\htdocs\itams\front\ticket.form.php:175		Ticket->showForm()

2011-10-03 18:41 [2@USER-PC]
Notice(8): Undefined variable: rand_observer_ticket
Backtrace :
C:\xampp\htdocs\itams\inc\ticket.class.php:4207		userErrorHandlerNormal()
C:\xampp\htdocs\itams\inc\ticket.class.php:4693		Ticket->showActorsPartForm()
C:\xampp\htdocs\itams\front\ticket.form.php:175		Ticket->showForm()

2011-10-03 18:41 [2@USER-PC]
Notice(8): Undefined variable: rand_observer_ticket
Backtrace :
C:\xampp\htdocs\itams\inc\ticket.class.php:4208		userErrorHandlerNormal()
C:\xampp\htdocs\itams\inc\ticket.class.php:4693		Ticket->showActorsPartForm()
C:\xampp\htdocs\itams\front\ticket.form.php:175		Ticket->showForm()

2011-10-03 18:41 [2@USER-PC]
Notice(8): Undefined variable: rand_observer_ticket
Backtrace :
C:\xampp\htdocs\itams\inc\ticket.class.php:4207		userErrorHandlerNormal()
C:\xampp\htdocs\itams\inc\ticket.class.php:4693		Ticket->showActorsPartForm()
C:\xampp\htdocs\itams\front\ticket.form.php:175		Ticket->showForm()

2011-10-03 18:41 [2@USER-PC]
Notice(8): Undefined variable: rand_observer_ticket
Backtrace :
C:\xampp\htdocs\itams\inc\ticket.class.php:4208		userErrorHandlerNormal()
C:\xampp\htdocs\itams\inc\ticket.class.php:4693		Ticket->showActorsPartForm()
C:\xampp\htdocs\itams\front\ticket.form.php:175		Ticket->showForm()

2011-10-03 18:42 [2@USER-PC]
Notice(8): Undefined variable: rand_observer_ticket
Backtrace :
C:\xampp\htdocs\itams\inc\ticket.class.php:4207		userErrorHandlerNormal()
C:\xampp\htdocs\itams\inc\ticket.class.php:4693		Ticket->showActorsPartForm()
C:\xampp\htdocs\itams\front\ticket.form.php:175		Ticket->showForm()

2011-10-03 18:42 [2@USER-PC]
Notice(8): Undefined variable: rand_observer_ticket
Backtrace :
C:\xampp\htdocs\itams\inc\ticket.class.php:4208		userErrorHandlerNormal()
C:\xampp\htdocs\itams\inc\ticket.class.php:4693		Ticket->showActorsPartForm()
C:\xampp\htdocs\itams\front\ticket.form.php:175		Ticket->showForm()

2011-10-03 18:43 [2@USER-PC]
Notice(8): Undefined variable: rand_observer_ticket
Backtrace :
C:\xampp\htdocs\itams\inc\ticket.class.php:4207		userErrorHandlerNormal()
C:\xampp\htdocs\itams\inc\ticket.class.php:4697		Ticket->showActorsPartForm()
C:\xampp\htdocs\itams\front\ticket.form.php:175		Ticket->showForm()

2011-10-03 18:43 [2@USER-PC]
Notice(8): Undefined variable: rand_observer_ticket
Backtrace :
C:\xampp\htdocs\itams\inc\ticket.class.php:4208		userErrorHandlerNormal()
C:\xampp\htdocs\itams\inc\ticket.class.php:4697		Ticket->showActorsPartForm()
C:\xampp\htdocs\itams\front\ticket.form.php:175		Ticket->showForm()

2011-10-03 18:43 [2@USER-PC]
Notice(8): Undefined variable: rand_observer_ticket
Backtrace :
C:\xampp\htdocs\itams\inc\ticket.class.php:4207		userErrorHandlerNormal()
C:\xampp\htdocs\itams\inc\ticket.class.php:4697		Ticket->showActorsPartForm()
C:\xampp\htdocs\itams\front\ticket.form.php:175		Ticket->showForm()

2011-10-03 18:43 [2@USER-PC]
Notice(8): Undefined variable: rand_observer_ticket
Backtrace :
C:\xampp\htdocs\itams\inc\ticket.class.php:4208		userErrorHandlerNormal()
C:\xampp\htdocs\itams\inc\ticket.class.php:4697		Ticket->showActorsPartForm()
C:\xampp\htdocs\itams\front\ticket.form.php:175		Ticket->showForm()

2011-10-03 18:43 [2@USER-PC]
Notice(8): Undefined variable: rand_observer_ticket
Backtrace :
C:\xampp\htdocs\itams\inc\ticket.class.php:4207		userErrorHandlerNormal()
C:\xampp\htdocs\itams\inc\ticket.class.php:4697		Ticket->showActorsPartForm()
C:\xampp\htdocs\itams\front\ticket.form.php:175		Ticket->showForm()

2011-10-03 18:43 [2@USER-PC]
Notice(8): Undefined variable: rand_observer_ticket
Backtrace :
C:\xampp\htdocs\itams\inc\ticket.class.php:4208		userErrorHandlerNormal()
C:\xampp\htdocs\itams\inc\ticket.class.php:4697		Ticket->showActorsPartForm()
C:\xampp\htdocs\itams\front\ticket.form.php:175		Ticket->showForm()

2011-10-03 18:45 [2@USER-PC]
Notice(8): Undefined variable: idimpact
Backtrace :
C:\xampp\htdocs\itams\inc\ticket.class.php:4645		userErrorHandlerNormal()
C:\xampp\htdocs\itams\front\ticket.form.php:175		Ticket->showForm()

2011-10-03 18:45 [2@USER-PC]
Notice(8): Undefined variable: rand_observer_ticket
Backtrace :
C:\xampp\htdocs\itams\inc\ticket.class.php:4207		userErrorHandlerNormal()
C:\xampp\htdocs\itams\inc\ticket.class.php:4701		Ticket->showActorsPartForm()
C:\xampp\htdocs\itams\front\ticket.form.php:175		Ticket->showForm()

2011-10-03 18:45 [2@USER-PC]
Notice(8): Undefined variable: rand_observer_ticket
Backtrace :
C:\xampp\htdocs\itams\inc\ticket.class.php:4208		userErrorHandlerNormal()
C:\xampp\htdocs\itams\inc\ticket.class.php:4701		Ticket->showActorsPartForm()
C:\xampp\htdocs\itams\front\ticket.form.php:175		Ticket->showForm()

2011-10-03 19:15 [2@USER-PC]
Notice(8): Undefined variable: idimpact
Backtrace :
C:\xampp\htdocs\itams\inc\ticket.class.php:4685		userErrorHandlerNormal()
C:\xampp\htdocs\itams\front\ticket.form.php:175		Ticket->showForm()

2011-10-03 19:15 [2@USER-PC]
Notice(8): Undefined variable: rand_observer_ticket
Backtrace :
C:\xampp\htdocs\itams\inc\ticket.class.php:4243		userErrorHandlerNormal()
C:\xampp\htdocs\itams\inc\ticket.class.php:4741		Ticket->showActorsPartForm()
C:\xampp\htdocs\itams\front\ticket.form.php:175		Ticket->showForm()

2011-10-03 19:15 [2@USER-PC]
Notice(8): Undefined variable: rand_observer_ticket
Backtrace :
C:\xampp\htdocs\itams\inc\ticket.class.php:4244		userErrorHandlerNormal()
C:\xampp\htdocs\itams\inc\ticket.class.php:4741		Ticket->showActorsPartForm()
C:\xampp\htdocs\itams\front\ticket.form.php:175		Ticket->showForm()

2011-10-03 19:16 [2@USER-PC]
Notice(8): Undefined variable: rand_observer_ticket
Backtrace :
C:\xampp\htdocs\itams\inc\ticket.class.php:4243		userErrorHandlerNormal()
C:\xampp\htdocs\itams\inc\ticket.class.php:4741		Ticket->showActorsPartForm()
C:\xampp\htdocs\itams\front\ticket.form.php:175		Ticket->showForm()

2011-10-03 19:16 [2@USER-PC]
Notice(8): Undefined variable: rand_observer_ticket
Backtrace :
C:\xampp\htdocs\itams\inc\ticket.class.php:4244		userErrorHandlerNormal()
C:\xampp\htdocs\itams\inc\ticket.class.php:4741		Ticket->showActorsPartForm()
C:\xampp\htdocs\itams\front\ticket.form.php:175		Ticket->showForm()

2011-10-03 19:16 [2@USER-PC]
Notice(8): Undefined variable: idimpact
Backtrace :
C:\xampp\htdocs\itams\inc\ticket.class.php:4685		userErrorHandlerNormal()
C:\xampp\htdocs\itams\front\ticket.form.php:175		Ticket->showForm()

2011-10-03 19:16 [2@USER-PC]
Notice(8): Undefined variable: rand_observer_ticket
Backtrace :
C:\xampp\htdocs\itams\inc\ticket.class.php:4243		userErrorHandlerNormal()
C:\xampp\htdocs\itams\inc\ticket.class.php:4741		Ticket->showActorsPartForm()
C:\xampp\htdocs\itams\front\ticket.form.php:175		Ticket->showForm()

2011-10-03 19:16 [2@USER-PC]
Notice(8): Undefined variable: rand_observer_ticket
Backtrace :
C:\xampp\htdocs\itams\inc\ticket.class.php:4244		userErrorHandlerNormal()
C:\xampp\htdocs\itams\inc\ticket.class.php:4741		Ticket->showActorsPartForm()
C:\xampp\htdocs\itams\front\ticket.form.php:175		Ticket->showForm()

2011-10-03 19:16 [2@USER-PC]
Notice(8): Undefined variable: idimpact
Backtrace :
C:\xampp\htdocs\itams\inc\ticket.class.php:4685		userErrorHandlerNormal()
C:\xampp\htdocs\itams\front\ticket.form.php:175		Ticket->showForm()

2011-10-03 19:16 [2@USER-PC]
Notice(8): Undefined variable: rand_observer_ticket
Backtrace :
C:\xampp\htdocs\itams\inc\ticket.class.php:4243		userErrorHandlerNormal()
C:\xampp\htdocs\itams\inc\ticket.class.php:4741		Ticket->showActorsPartForm()
C:\xampp\htdocs\itams\front\ticket.form.php:175		Ticket->showForm()

2011-10-03 19:16 [2@USER-PC]
Notice(8): Undefined variable: rand_observer_ticket
Backtrace :
C:\xampp\htdocs\itams\inc\ticket.class.php:4244		userErrorHandlerNormal()
C:\xampp\htdocs\itams\inc\ticket.class.php:4741		Ticket->showActorsPartForm()
C:\xampp\htdocs\itams\front\ticket.form.php:175		Ticket->showForm()

2011-10-03 19:16 [2@USER-PC]
Notice(8): Undefined variable: idimpact
Backtrace :
C:\xampp\htdocs\itams\inc\ticket.class.php:4685		userErrorHandlerNormal()
C:\xampp\htdocs\itams\front\ticket.form.php:175		Ticket->showForm()

2011-10-03 19:16 [2@USER-PC]
Notice(8): Undefined variable: rand_observer_ticket
Backtrace :
C:\xampp\htdocs\itams\inc\ticket.class.php:4243		userErrorHandlerNormal()
C:\xampp\htdocs\itams\inc\ticket.class.php:4741		Ticket->showActorsPartForm()
C:\xampp\htdocs\itams\front\ticket.form.php:175		Ticket->showForm()

2011-10-03 19:16 [2@USER-PC]
Notice(8): Undefined variable: rand_observer_ticket
Backtrace :
C:\xampp\htdocs\itams\inc\ticket.class.php:4244		userErrorHandlerNormal()
C:\xampp\htdocs\itams\inc\ticket.class.php:4741		Ticket->showActorsPartForm()
C:\xampp\htdocs\itams\front\ticket.form.php:175		Ticket->showForm()

2011-10-03 19:17 [2@USER-PC]
Notice(8): Undefined variable: idimpact
Backtrace :
C:\xampp\htdocs\itams\inc\ticket.class.php:4685		userErrorHandlerNormal()
C:\xampp\htdocs\itams\front\ticket.form.php:175		Ticket->showForm()

2011-10-03 19:17 [2@USER-PC]
Notice(8): Undefined variable: rand_observer_ticket
Backtrace :
C:\xampp\htdocs\itams\inc\ticket.class.php:4243		userErrorHandlerNormal()
C:\xampp\htdocs\itams\inc\ticket.class.php:4741		Ticket->showActorsPartForm()
C:\xampp\htdocs\itams\front\ticket.form.php:175		Ticket->showForm()

2011-10-03 19:17 [2@USER-PC]
Notice(8): Undefined variable: rand_observer_ticket
Backtrace :
C:\xampp\htdocs\itams\inc\ticket.class.php:4244		userErrorHandlerNormal()
C:\xampp\htdocs\itams\inc\ticket.class.php:4741		Ticket->showActorsPartForm()
C:\xampp\htdocs\itams\front\ticket.form.php:175		Ticket->showForm()

2011-10-03 19:17 [2@USER-PC]
Notice(8): Undefined variable: idimpact
Backtrace :
C:\xampp\htdocs\itams\inc\ticket.class.php:4685		userErrorHandlerNormal()
C:\xampp\htdocs\itams\front\ticket.form.php:175		Ticket->showForm()

2011-10-03 19:17 [2@USER-PC]
Notice(8): Undefined variable: rand_observer_ticket
Backtrace :
C:\xampp\htdocs\itams\inc\ticket.class.php:4243		userErrorHandlerNormal()
C:\xampp\htdocs\itams\inc\ticket.class.php:4741		Ticket->showActorsPartForm()
C:\xampp\htdocs\itams\front\ticket.form.php:175		Ticket->showForm()

2011-10-03 19:17 [2@USER-PC]
Notice(8): Undefined variable: rand_observer_ticket
Backtrace :
C:\xampp\htdocs\itams\inc\ticket.class.php:4244		userErrorHandlerNormal()
C:\xampp\htdocs\itams\inc\ticket.class.php:4741		Ticket->showActorsPartForm()
C:\xampp\htdocs\itams\front\ticket.form.php:175		Ticket->showForm()

2011-10-03 19:17 [2@USER-PC]
Notice(8): Undefined variable: idimpact
Backtrace :
C:\xampp\htdocs\itams\inc\ticket.class.php:4685		userErrorHandlerNormal()
C:\xampp\htdocs\itams\front\ticket.form.php:175		Ticket->showForm()

2011-10-03 19:17 [2@USER-PC]
Notice(8): Undefined variable: rand_observer_ticket
Backtrace :
C:\xampp\htdocs\itams\inc\ticket.class.php:4243		userErrorHandlerNormal()
C:\xampp\htdocs\itams\inc\ticket.class.php:4741		Ticket->showActorsPartForm()
C:\xampp\htdocs\itams\front\ticket.form.php:175		Ticket->showForm()

2011-10-03 19:17 [2@USER-PC]
Notice(8): Undefined variable: rand_observer_ticket
Backtrace :
C:\xampp\htdocs\itams\inc\ticket.class.php:4244		userErrorHandlerNormal()
C:\xampp\htdocs\itams\inc\ticket.class.php:4741		Ticket->showActorsPartForm()
C:\xampp\htdocs\itams\front\ticket.form.php:175		Ticket->showForm()

2011-10-03 19:18 [2@USER-PC]
Notice(8): Undefined variable: idimpact
Backtrace :
C:\xampp\htdocs\itams\inc\ticket.class.php:4686		userErrorHandlerNormal()
C:\xampp\htdocs\itams\front\ticket.form.php:175		Ticket->showForm()

2011-10-03 19:18 [2@USER-PC]
Notice(8): Undefined variable: rand_observer_ticket
Backtrace :
C:\xampp\htdocs\itams\inc\ticket.class.php:4243		userErrorHandlerNormal()
C:\xampp\htdocs\itams\inc\ticket.class.php:4742		Ticket->showActorsPartForm()
C:\xampp\htdocs\itams\front\ticket.form.php:175		Ticket->showForm()

2011-10-03 19:18 [2@USER-PC]
Notice(8): Undefined variable: rand_observer_ticket
Backtrace :
C:\xampp\htdocs\itams\inc\ticket.class.php:4244		userErrorHandlerNormal()
C:\xampp\htdocs\itams\inc\ticket.class.php:4742		Ticket->showActorsPartForm()
C:\xampp\htdocs\itams\front\ticket.form.php:175		Ticket->showForm()

2011-10-03 19:18 [2@USER-PC]
Notice(8): Undefined variable: rand_observer_ticket
Backtrace :
C:\xampp\htdocs\itams\inc\ticket.class.php:4243		userErrorHandlerNormal()
C:\xampp\htdocs\itams\inc\ticket.class.php:4742		Ticket->showActorsPartForm()
C:\xampp\htdocs\itams\front\ticket.form.php:175		Ticket->showForm()

2011-10-03 19:18 [2@USER-PC]
Notice(8): Undefined variable: rand_observer_ticket
Backtrace :
C:\xampp\htdocs\itams\inc\ticket.class.php:4244		userErrorHandlerNormal()
C:\xampp\htdocs\itams\inc\ticket.class.php:4742		Ticket->showActorsPartForm()
C:\xampp\htdocs\itams\front\ticket.form.php:175		Ticket->showForm()

2011-10-03 19:18 [2@USER-PC]
Notice(8): Undefined variable: rand_observer_ticket
Backtrace :
C:\xampp\htdocs\itams\inc\ticket.class.php:4243		userErrorHandlerNormal()
C:\xampp\htdocs\itams\inc\ticket.class.php:4742		Ticket->showActorsPartForm()
C:\xampp\htdocs\itams\front\ticket.form.php:175		Ticket->showForm()

2011-10-03 19:18 [2@USER-PC]
Notice(8): Undefined variable: rand_observer_ticket
Backtrace :
C:\xampp\htdocs\itams\inc\ticket.class.php:4244		userErrorHandlerNormal()
C:\xampp\htdocs\itams\inc\ticket.class.php:4742		Ticket->showActorsPartForm()
C:\xampp\htdocs\itams\front\ticket.form.php:175		Ticket->showForm()

2011-10-03 19:18 [2@USER-PC]
Notice(8): Undefined variable: idimpact
Backtrace :
C:\xampp\htdocs\itams\inc\ticket.class.php:4685		userErrorHandlerNormal()
C:\xampp\htdocs\itams\front\ticket.form.php:175		Ticket->showForm()

2011-10-03 19:18 [2@USER-PC]
Notice(8): Undefined variable: rand_observer_ticket
Backtrace :
C:\xampp\htdocs\itams\inc\ticket.class.php:4243		userErrorHandlerNormal()
C:\xampp\htdocs\itams\inc\ticket.class.php:4741		Ticket->showActorsPartForm()
C:\xampp\htdocs\itams\front\ticket.form.php:175		Ticket->showForm()

2011-10-03 19:18 [2@USER-PC]
Notice(8): Undefined variable: rand_observer_ticket
Backtrace :
C:\xampp\htdocs\itams\inc\ticket.class.php:4244		userErrorHandlerNormal()
C:\xampp\htdocs\itams\inc\ticket.class.php:4741		Ticket->showActorsPartForm()
C:\xampp\htdocs\itams\front\ticket.form.php:175		Ticket->showForm()

2011-10-03 19:19 [2@USER-PC]
Notice(8): Undefined variable: idimpact
Backtrace :
C:\xampp\htdocs\itams\inc\ticket.class.php:4690		userErrorHandlerNormal()
C:\xampp\htdocs\itams\front\ticket.form.php:175		Ticket->showForm()

2011-10-03 19:19 [2@USER-PC]
Notice(8): Undefined variable: rand_observer_ticket
Backtrace :
C:\xampp\htdocs\itams\inc\ticket.class.php:4243		userErrorHandlerNormal()
C:\xampp\htdocs\itams\inc\ticket.class.php:4746		Ticket->showActorsPartForm()
C:\xampp\htdocs\itams\front\ticket.form.php:175		Ticket->showForm()

2011-10-03 19:19 [2@USER-PC]
Notice(8): Undefined variable: rand_observer_ticket
Backtrace :
C:\xampp\htdocs\itams\inc\ticket.class.php:4244		userErrorHandlerNormal()
C:\xampp\htdocs\itams\inc\ticket.class.php:4746		Ticket->showActorsPartForm()
C:\xampp\htdocs\itams\front\ticket.form.php:175		Ticket->showForm()

2011-10-03 19:19 [2@USER-PC]
Notice(8): Undefined variable: idimpact
Backtrace :
C:\xampp\htdocs\itams\inc\ticket.class.php:4691		userErrorHandlerNormal()
C:\xampp\htdocs\itams\front\ticket.form.php:175		Ticket->showForm()

2011-10-03 19:19 [2@USER-PC]
Notice(8): Undefined variable: rand_observer_ticket
Backtrace :
C:\xampp\htdocs\itams\inc\ticket.class.php:4243		userErrorHandlerNormal()
C:\xampp\htdocs\itams\inc\ticket.class.php:4747		Ticket->showActorsPartForm()
C:\xampp\htdocs\itams\front\ticket.form.php:175		Ticket->showForm()

2011-10-03 19:19 [2@USER-PC]
Notice(8): Undefined variable: rand_observer_ticket
Backtrace :
C:\xampp\htdocs\itams\inc\ticket.class.php:4244		userErrorHandlerNormal()
C:\xampp\htdocs\itams\inc\ticket.class.php:4747		Ticket->showActorsPartForm()
C:\xampp\htdocs\itams\front\ticket.form.php:175		Ticket->showForm()

2011-10-03 19:19 [2@USER-PC]
Notice(8): Undefined variable: idimpact
Backtrace :
C:\xampp\htdocs\itams\inc\ticket.class.php:4691		userErrorHandlerNormal()
C:\xampp\htdocs\itams\front\ticket.form.php:175		Ticket->showForm()

2011-10-03 19:19 [2@USER-PC]
Notice(8): Undefined variable: rand_observer_ticket
Backtrace :
C:\xampp\htdocs\itams\inc\ticket.class.php:4243		userErrorHandlerNormal()
C:\xampp\htdocs\itams\inc\ticket.class.php:4747		Ticket->showActorsPartForm()
C:\xampp\htdocs\itams\front\ticket.form.php:175		Ticket->showForm()

2011-10-03 19:19 [2@USER-PC]
Notice(8): Undefined variable: rand_observer_ticket
Backtrace :
C:\xampp\htdocs\itams\inc\ticket.class.php:4244		userErrorHandlerNormal()
C:\xampp\htdocs\itams\inc\ticket.class.php:4747		Ticket->showActorsPartForm()
C:\xampp\htdocs\itams\front\ticket.form.php:175		Ticket->showForm()

2011-10-03 19:20 [2@USER-PC]
Notice(8): Undefined variable: idimpact
Backtrace :
C:\xampp\htdocs\itams\inc\ticket.class.php:4692		userErrorHandlerNormal()
C:\xampp\htdocs\itams\front\ticket.form.php:175		Ticket->showForm()

2011-10-03 19:20 [2@USER-PC]
Notice(8): Undefined variable: rand_observer_ticket
Backtrace :
C:\xampp\htdocs\itams\inc\ticket.class.php:4243		userErrorHandlerNormal()
C:\xampp\htdocs\itams\inc\ticket.class.php:4748		Ticket->showActorsPartForm()
C:\xampp\htdocs\itams\front\ticket.form.php:175		Ticket->showForm()

2011-10-03 19:20 [2@USER-PC]
Notice(8): Undefined variable: rand_observer_ticket
Backtrace :
C:\xampp\htdocs\itams\inc\ticket.class.php:4244		userErrorHandlerNormal()
C:\xampp\htdocs\itams\inc\ticket.class.php:4748		Ticket->showActorsPartForm()
C:\xampp\htdocs\itams\front\ticket.form.php:175		Ticket->showForm()

2011-10-03 19:21 [2@USER-PC]
Notice(8): Undefined variable: idimpact
Backtrace :
C:\xampp\htdocs\itams\inc\ticket.class.php:4692		userErrorHandlerNormal()
C:\xampp\htdocs\itams\front\ticket.form.php:175		Ticket->showForm()

2011-10-03 19:21 [2@USER-PC]
Notice(8): Undefined variable: rand_observer_ticket
Backtrace :
C:\xampp\htdocs\itams\inc\ticket.class.php:4243		userErrorHandlerNormal()
C:\xampp\htdocs\itams\inc\ticket.class.php:4748		Ticket->showActorsPartForm()
C:\xampp\htdocs\itams\front\ticket.form.php:175		Ticket->showForm()

2011-10-03 19:21 [2@USER-PC]
Notice(8): Undefined variable: rand_observer_ticket
Backtrace :
C:\xampp\htdocs\itams\inc\ticket.class.php:4244		userErrorHandlerNormal()
C:\xampp\htdocs\itams\inc\ticket.class.php:4748		Ticket->showActorsPartForm()
C:\xampp\htdocs\itams\front\ticket.form.php:175		Ticket->showForm()

2011-10-03 19:21 [2@USER-PC]
Notice(8): Undefined variable: idimpact
Backtrace :
C:\xampp\htdocs\itams\inc\ticket.class.php:4692		userErrorHandlerNormal()
C:\xampp\htdocs\itams\front\ticket.form.php:175		Ticket->showForm()

2011-10-03 19:21 [2@USER-PC]
Notice(8): Undefined variable: rand_observer_ticket
Backtrace :
C:\xampp\htdocs\itams\inc\ticket.class.php:4243		userErrorHandlerNormal()
C:\xampp\htdocs\itams\inc\ticket.class.php:4753		Ticket->showActorsPartForm()
C:\xampp\htdocs\itams\front\ticket.form.php:175		Ticket->showForm()

2011-10-03 19:21 [2@USER-PC]
Notice(8): Undefined variable: rand_observer_ticket
Backtrace :
C:\xampp\htdocs\itams\inc\ticket.class.php:4244		userErrorHandlerNormal()
C:\xampp\htdocs\itams\inc\ticket.class.php:4753		Ticket->showActorsPartForm()
C:\xampp\htdocs\itams\front\ticket.form.php:175		Ticket->showForm()

2011-10-03 19:22 [2@USER-PC]
Notice(8): Undefined variable: idimpact
Backtrace :
C:\xampp\htdocs\itams\inc\ticket.class.php:4692		userErrorHandlerNormal()
C:\xampp\htdocs\itams\front\ticket.form.php:175		Ticket->showForm()

2011-10-03 19:22 [2@USER-PC]
Notice(8): Undefined variable: rand_observer_ticket
Backtrace :
C:\xampp\htdocs\itams\inc\ticket.class.php:4243		userErrorHandlerNormal()
C:\xampp\htdocs\itams\inc\ticket.class.php:4753		Ticket->showActorsPartForm()
C:\xampp\htdocs\itams\front\ticket.form.php:175		Ticket->showForm()

2011-10-03 19:22 [2@USER-PC]
Notice(8): Undefined variable: rand_observer_ticket
Backtrace :
C:\xampp\htdocs\itams\inc\ticket.class.php:4244		userErrorHandlerNormal()
C:\xampp\htdocs\itams\inc\ticket.class.php:4753		Ticket->showActorsPartForm()
C:\xampp\htdocs\itams\front\ticket.form.php:175		Ticket->showForm()

2011-10-03 19:23 [2@USER-PC]
Notice(8): Undefined variable: idimpact
Backtrace :
C:\xampp\htdocs\itams\inc\ticket.class.php:4697		userErrorHandlerNormal()
C:\xampp\htdocs\itams\front\ticket.form.php:175		Ticket->showForm()

2011-10-03 19:23 [2@USER-PC]
Notice(8): Undefined variable: rand_observer_ticket
Backtrace :
C:\xampp\htdocs\itams\inc\ticket.class.php:4243		userErrorHandlerNormal()
C:\xampp\htdocs\itams\inc\ticket.class.php:4758		Ticket->showActorsPartForm()
C:\xampp\htdocs\itams\front\ticket.form.php:175		Ticket->showForm()

2011-10-03 19:23 [2@USER-PC]
Notice(8): Undefined variable: rand_observer_ticket
Backtrace :
C:\xampp\htdocs\itams\inc\ticket.class.php:4244		userErrorHandlerNormal()
C:\xampp\htdocs\itams\inc\ticket.class.php:4758		Ticket->showActorsPartForm()
C:\xampp\htdocs\itams\front\ticket.form.php:175		Ticket->showForm()

2011-10-03 19:24 [2@USER-PC]
Notice(8): Undefined variable: idimpact
Backtrace :
C:\xampp\htdocs\itams\inc\ticket.class.php:4701		userErrorHandlerNormal()
C:\xampp\htdocs\itams\front\ticket.form.php:175		Ticket->showForm()

2011-10-03 19:24 [2@USER-PC]
Notice(8): Undefined variable: rand_observer_ticket
Backtrace :
C:\xampp\htdocs\itams\inc\ticket.class.php:4243		userErrorHandlerNormal()
C:\xampp\htdocs\itams\inc\ticket.class.php:4762		Ticket->showActorsPartForm()
C:\xampp\htdocs\itams\front\ticket.form.php:175		Ticket->showForm()

2011-10-03 19:24 [2@USER-PC]
Notice(8): Undefined variable: rand_observer_ticket
Backtrace :
C:\xampp\htdocs\itams\inc\ticket.class.php:4244		userErrorHandlerNormal()
C:\xampp\htdocs\itams\inc\ticket.class.php:4762		Ticket->showActorsPartForm()
C:\xampp\htdocs\itams\front\ticket.form.php:175		Ticket->showForm()

2011-10-03 19:25 [2@USER-PC]
Notice(8): Undefined variable: idimpact
Backtrace :
C:\xampp\htdocs\itams\inc\ticket.class.php:4701		userErrorHandlerNormal()
C:\xampp\htdocs\itams\front\ticket.form.php:175		Ticket->showForm()

2011-10-03 19:25 [2@USER-PC]
Notice(8): Undefined variable: rand_observer_ticket
Backtrace :
C:\xampp\htdocs\itams\inc\ticket.class.php:4243		userErrorHandlerNormal()
C:\xampp\htdocs\itams\inc\ticket.class.php:4762		Ticket->showActorsPartForm()
C:\xampp\htdocs\itams\front\ticket.form.php:175		Ticket->showForm()

2011-10-03 19:25 [2@USER-PC]
Notice(8): Undefined variable: rand_observer_ticket
Backtrace :
C:\xampp\htdocs\itams\inc\ticket.class.php:4244		userErrorHandlerNormal()
C:\xampp\htdocs\itams\inc\ticket.class.php:4762		Ticket->showActorsPartForm()
C:\xampp\htdocs\itams\front\ticket.form.php:175		Ticket->showForm()

2011-10-04 06:12 [10@USER-PC]
Notice(8): Undefined variable: rand_observer_ticket
Backtrace :
C:\xampp\htdocs\itams\inc\ticket.class.php:4243		userErrorHandlerNormal()
C:\xampp\htdocs\itams\inc\ticket.class.php:4762		Ticket->showActorsPartForm()
C:\xampp\htdocs\itams\front\ticket.form.php:175		Ticket->showForm()

2011-10-04 06:12 [10@USER-PC]
Notice(8): Undefined variable: rand_observer_ticket
Backtrace :
C:\xampp\htdocs\itams\inc\ticket.class.php:4244		userErrorHandlerNormal()
C:\xampp\htdocs\itams\inc\ticket.class.php:4762		Ticket->showActorsPartForm()
C:\xampp\htdocs\itams\front\ticket.form.php:175		Ticket->showForm()

2011-10-04 06:16 [10@USER-PC]
Notice(8): Undefined variable: rand_observer_ticket
Backtrace :
C:\xampp\htdocs\itams\inc\ticket.class.php:4244		userErrorHandlerNormal()
C:\xampp\htdocs\itams\inc\ticket.class.php:4767		Ticket->showActorsPartForm()
C:\xampp\htdocs\itams\front\ticket.form.php:175		Ticket->showForm()

2011-10-04 06:16 [10@USER-PC]
Notice(8): Undefined variable: rand_observer_ticket
Backtrace :
C:\xampp\htdocs\itams\inc\ticket.class.php:4245		userErrorHandlerNormal()
C:\xampp\htdocs\itams\inc\ticket.class.php:4767		Ticket->showActorsPartForm()
C:\xampp\htdocs\itams\front\ticket.form.php:175		Ticket->showForm()

2011-10-04 06:16 [10@USER-PC]
Notice(8): Undefined variable: rand_observer_ticket
Backtrace :
C:\xampp\htdocs\itams\inc\ticket.class.php:4244		userErrorHandlerNormal()
C:\xampp\htdocs\itams\inc\ticket.class.php:4767		Ticket->showActorsPartForm()
C:\xampp\htdocs\itams\front\ticket.form.php:175		Ticket->showForm()

2011-10-04 06:16 [10@USER-PC]
Notice(8): Undefined variable: rand_observer_ticket
Backtrace :
C:\xampp\htdocs\itams\inc\ticket.class.php:4245		userErrorHandlerNormal()
C:\xampp\htdocs\itams\inc\ticket.class.php:4767		Ticket->showActorsPartForm()
C:\xampp\htdocs\itams\front\ticket.form.php:175		Ticket->showForm()

2011-10-04 06:16 [10@USER-PC]
Notice(8): Undefined variable: rand_observer_ticket
Backtrace :
C:\xampp\htdocs\itams\inc\ticket.class.php:4244		userErrorHandlerNormal()
C:\xampp\htdocs\itams\inc\ticket.class.php:4766		Ticket->showActorsPartForm()
C:\xampp\htdocs\itams\front\ticket.form.php:175		Ticket->showForm()

2011-10-04 06:16 [10@USER-PC]
Notice(8): Undefined variable: rand_observer_ticket
Backtrace :
C:\xampp\htdocs\itams\inc\ticket.class.php:4245		userErrorHandlerNormal()
C:\xampp\htdocs\itams\inc\ticket.class.php:4766		Ticket->showActorsPartForm()
C:\xampp\htdocs\itams\front\ticket.form.php:175		Ticket->showForm()

2011-10-04 06:16 [10@USER-PC]
Notice(8): Undefined variable: rand_observer_ticket
Backtrace :
C:\xampp\htdocs\itams\inc\ticket.class.php:4244		userErrorHandlerNormal()
C:\xampp\htdocs\itams\inc\ticket.class.php:4764		Ticket->showActorsPartForm()
C:\xampp\htdocs\itams\front\ticket.form.php:175		Ticket->showForm()

2011-10-04 06:16 [10@USER-PC]
Notice(8): Undefined variable: rand_observer_ticket
Backtrace :
C:\xampp\htdocs\itams\inc\ticket.class.php:4245		userErrorHandlerNormal()
C:\xampp\htdocs\itams\inc\ticket.class.php:4764		Ticket->showActorsPartForm()
C:\xampp\htdocs\itams\front\ticket.form.php:175		Ticket->showForm()

2011-10-04 06:16 [10@USER-PC]
Notice(8): Undefined variable: rand_observer_ticket
Backtrace :
C:\xampp\htdocs\itams\inc\ticket.class.php:4244		userErrorHandlerNormal()
C:\xampp\htdocs\itams\inc\ticket.class.php:4764		Ticket->showActorsPartForm()
C:\xampp\htdocs\itams\front\ticket.form.php:175		Ticket->showForm()

2011-10-04 06:16 [10@USER-PC]
Notice(8): Undefined variable: rand_observer_ticket
Backtrace :
C:\xampp\htdocs\itams\inc\ticket.class.php:4245		userErrorHandlerNormal()
C:\xampp\htdocs\itams\inc\ticket.class.php:4764		Ticket->showActorsPartForm()
C:\xampp\htdocs\itams\front\ticket.form.php:175		Ticket->showForm()

2011-10-04 06:17 [10@USER-PC]
Notice(8): Undefined variable: rand_observer_ticket
Backtrace :
C:\xampp\htdocs\itams\inc\ticket.class.php:4244		userErrorHandlerNormal()
C:\xampp\htdocs\itams\inc\ticket.class.php:4764		Ticket->showActorsPartForm()
C:\xampp\htdocs\itams\front\ticket.form.php:175		Ticket->showForm()

2011-10-04 06:17 [10@USER-PC]
Notice(8): Undefined variable: rand_observer_ticket
Backtrace :
C:\xampp\htdocs\itams\inc\ticket.class.php:4245		userErrorHandlerNormal()
C:\xampp\htdocs\itams\inc\ticket.class.php:4764		Ticket->showActorsPartForm()
C:\xampp\htdocs\itams\front\ticket.form.php:175		Ticket->showForm()

2011-10-04 06:17 [10@USER-PC]
Notice(8): Undefined variable: rand_observer_ticket
Backtrace :
C:\xampp\htdocs\itams\inc\ticket.class.php:4244		userErrorHandlerNormal()
C:\xampp\htdocs\itams\inc\ticket.class.php:4764		Ticket->showActorsPartForm()
C:\xampp\htdocs\itams\front\ticket.form.php:175		Ticket->showForm()

2011-10-04 06:17 [10@USER-PC]
Notice(8): Undefined variable: rand_observer_ticket
Backtrace :
C:\xampp\htdocs\itams\inc\ticket.class.php:4245		userErrorHandlerNormal()
C:\xampp\htdocs\itams\inc\ticket.class.php:4764		Ticket->showActorsPartForm()
C:\xampp\htdocs\itams\front\ticket.form.php:175		Ticket->showForm()

2011-10-04 06:17 [10@USER-PC]
Notice(8): Undefined variable: rand_observer_ticket
Backtrace :
C:\xampp\htdocs\itams\inc\ticket.class.php:4244		userErrorHandlerNormal()
C:\xampp\htdocs\itams\inc\ticket.class.php:4766		Ticket->showActorsPartForm()
C:\xampp\htdocs\itams\front\ticket.form.php:175		Ticket->showForm()

2011-10-04 06:17 [10@USER-PC]
Notice(8): Undefined variable: rand_observer_ticket
Backtrace :
C:\xampp\htdocs\itams\inc\ticket.class.php:4245		userErrorHandlerNormal()
C:\xampp\htdocs\itams\inc\ticket.class.php:4766		Ticket->showActorsPartForm()
C:\xampp\htdocs\itams\front\ticket.form.php:175		Ticket->showForm()

2011-10-04 06:19 [10@USER-PC]
Notice(8): Undefined variable: rand_observer_ticket
Backtrace :
C:\xampp\htdocs\itams\inc\ticket.class.php:4244		userErrorHandlerNormal()
C:\xampp\htdocs\itams\inc\ticket.class.php:4771		Ticket->showActorsPartForm()
C:\xampp\htdocs\itams\front\ticket.form.php:175		Ticket->showForm()

2011-10-04 06:19 [10@USER-PC]
Notice(8): Undefined variable: rand_observer_ticket
Backtrace :
C:\xampp\htdocs\itams\inc\ticket.class.php:4245		userErrorHandlerNormal()
C:\xampp\htdocs\itams\inc\ticket.class.php:4771		Ticket->showActorsPartForm()
C:\xampp\htdocs\itams\front\ticket.form.php:175		Ticket->showForm()

2011-10-04 06:19 [2@USER-PC]
Notice(8): Undefined variable: idimpact
Backtrace :
C:\xampp\htdocs\itams\inc\ticket.class.php:4710		userErrorHandlerNormal()
C:\xampp\htdocs\itams\front\ticket.form.php:175		Ticket->showForm()

2011-10-04 06:19 [2@USER-PC]
Notice(8): Undefined variable: rand_observer_ticket
Backtrace :
C:\xampp\htdocs\itams\inc\ticket.class.php:4244		userErrorHandlerNormal()
C:\xampp\htdocs\itams\inc\ticket.class.php:4771		Ticket->showActorsPartForm()
C:\xampp\htdocs\itams\front\ticket.form.php:175		Ticket->showForm()

2011-10-04 06:19 [2@USER-PC]
Notice(8): Undefined variable: rand_observer_ticket
Backtrace :
C:\xampp\htdocs\itams\inc\ticket.class.php:4245		userErrorHandlerNormal()
C:\xampp\htdocs\itams\inc\ticket.class.php:4771		Ticket->showActorsPartForm()
C:\xampp\htdocs\itams\front\ticket.form.php:175		Ticket->showForm()

2011-10-04 06:20 [2@USER-PC]
Notice(8): Undefined variable: idimpact
Backtrace :
C:\xampp\htdocs\itams\inc\ticket.class.php:4714		userErrorHandlerNormal()
C:\xampp\htdocs\itams\front\ticket.form.php:175		Ticket->showForm()

2011-10-04 06:20 [2@USER-PC]
Notice(8): Undefined variable: rand_observer_ticket
Backtrace :
C:\xampp\htdocs\itams\inc\ticket.class.php:4244		userErrorHandlerNormal()
C:\xampp\htdocs\itams\inc\ticket.class.php:4775		Ticket->showActorsPartForm()
C:\xampp\htdocs\itams\front\ticket.form.php:175		Ticket->showForm()

2011-10-04 06:20 [2@USER-PC]
Notice(8): Undefined variable: rand_observer_ticket
Backtrace :
C:\xampp\htdocs\itams\inc\ticket.class.php:4245		userErrorHandlerNormal()
C:\xampp\htdocs\itams\inc\ticket.class.php:4775		Ticket->showActorsPartForm()
C:\xampp\htdocs\itams\front\ticket.form.php:175		Ticket->showForm()

2011-10-04 06:21 [2@USER-PC]
Notice(8): Undefined variable: idimpact
Backtrace :
C:\xampp\htdocs\itams\inc\ticket.class.php:4714		userErrorHandlerNormal()
C:\xampp\htdocs\itams\front\ticket.form.php:175		Ticket->showForm()

2011-10-04 06:21 [2@USER-PC]
Notice(8): Undefined variable: rand_observer_ticket
Backtrace :
C:\xampp\htdocs\itams\inc\ticket.class.php:4244		userErrorHandlerNormal()
C:\xampp\htdocs\itams\inc\ticket.class.php:4776		Ticket->showActorsPartForm()
C:\xampp\htdocs\itams\front\ticket.form.php:175		Ticket->showForm()

2011-10-04 06:21 [2@USER-PC]
Notice(8): Undefined variable: rand_observer_ticket
Backtrace :
C:\xampp\htdocs\itams\inc\ticket.class.php:4245		userErrorHandlerNormal()
C:\xampp\htdocs\itams\inc\ticket.class.php:4776		Ticket->showActorsPartForm()
C:\xampp\htdocs\itams\front\ticket.form.php:175		Ticket->showForm()

2011-10-04 06:30 [10@USER-PC]
Notice(8): Undefined variable: rand_observer_ticket
Backtrace :
C:\xampp\htdocs\itams\inc\ticket.class.php:4244		userErrorHandlerNormal()
C:\xampp\htdocs\itams\inc\ticket.class.php:4776		Ticket->showActorsPartForm()
C:\xampp\htdocs\itams\front\ticket.form.php:175		Ticket->showForm()

2011-10-04 06:30 [10@USER-PC]
Notice(8): Undefined variable: rand_observer_ticket
Backtrace :
C:\xampp\htdocs\itams\inc\ticket.class.php:4245		userErrorHandlerNormal()
C:\xampp\htdocs\itams\inc\ticket.class.php:4776		Ticket->showActorsPartForm()
C:\xampp\htdocs\itams\front\ticket.form.php:175		Ticket->showForm()

2011-10-04 06:31 [7@USER-PC]
Notice(8): Undefined variable: idimpact
Backtrace :
C:\xampp\htdocs\itams\inc\ticket.class.php:4714		userErrorHandlerNormal()
C:\xampp\htdocs\itams\front\ticket.form.php:175		Ticket->showForm()

2011-10-04 06:31 [7@USER-PC]
Notice(8): Undefined variable: rand_observer_ticket
Backtrace :
C:\xampp\htdocs\itams\inc\ticket.class.php:4244		userErrorHandlerNormal()
C:\xampp\htdocs\itams\inc\ticket.class.php:4776		Ticket->showActorsPartForm()
C:\xampp\htdocs\itams\front\ticket.form.php:175		Ticket->showForm()

2011-10-04 06:31 [7@USER-PC]
Notice(8): Undefined variable: rand_observer_ticket
Backtrace :
C:\xampp\htdocs\itams\inc\ticket.class.php:4245		userErrorHandlerNormal()
C:\xampp\htdocs\itams\inc\ticket.class.php:4776		Ticket->showActorsPartForm()
C:\xampp\htdocs\itams\front\ticket.form.php:175		Ticket->showForm()

2011-10-04 06:31 [7@USER-PC]
Notice(8): Undefined variable: idimpact
Backtrace :
C:\xampp\htdocs\itams\inc\ticket.class.php:4714		userErrorHandlerNormal()
C:\xampp\htdocs\itams\front\ticket.form.php:175		Ticket->showForm()

2011-10-04 06:31 [7@USER-PC]
Notice(8): Undefined variable: rand_observer_ticket
Backtrace :
C:\xampp\htdocs\itams\inc\ticket.class.php:4244		userErrorHandlerNormal()
C:\xampp\htdocs\itams\inc\ticket.class.php:4776		Ticket->showActorsPartForm()
C:\xampp\htdocs\itams\front\ticket.form.php:175		Ticket->showForm()

2011-10-04 06:31 [7@USER-PC]
Notice(8): Undefined variable: rand_observer_ticket
Backtrace :
C:\xampp\htdocs\itams\inc\ticket.class.php:4245		userErrorHandlerNormal()
C:\xampp\htdocs\itams\inc\ticket.class.php:4776		Ticket->showActorsPartForm()
C:\xampp\htdocs\itams\front\ticket.form.php:175		Ticket->showForm()

2011-10-04 14:05 [10@USER-PC]
User Notice(1024): GLPI autoload : file ../inc/ticket2.class.php not founded trying to load class 'Ticket2'
Variables:<wddxPacket version='1.0'><header><comment>Variables</comment></header><data><struct><var name='classname'><string>Ticket2</string></var><var name='DEBUG_AUTOLOAD'><null/></var><var name='notfound'><array length='0'></array></var><var name='dir'><string>../inc/</string></var><var name='plug'><boolean value='false'/></var><var name='item'><string>ticket2</string></var><var name='matches'><array length='0'></array></var></struct></data></wddxPacket>
Backtrace :
C:\xampp\htdocs\itams\inc\includes.php:97		trigger_error()
C:\xampp\htdocs\itams\front\helpdesk.public.php:97		__autoload()

2011-10-04 14:06 [10@USER-PC]
User Notice(1024): GLPI autoload : file ../inc/ticket2.class.php not founded trying to load class 'Ticket2'
Variables:<wddxPacket version='1.0'><header><comment>Variables</comment></header><data><struct><var name='classname'><string>Ticket2</string></var><var name='DEBUG_AUTOLOAD'><null/></var><var name='notfound'><array length='0'></array></var><var name='dir'><string>../inc/</string></var><var name='plug'><boolean value='false'/></var><var name='item'><string>ticket2</string></var><var name='matches'><array length='0'></array></var></struct></data></wddxPacket>
Backtrace :
C:\xampp\htdocs\itams\inc\includes.php:97		trigger_error()
C:\xampp\htdocs\itams\front\helpdesk.public.php:97		__autoload()

2011-10-04 14:06 [10@USER-PC]
User Notice(1024): GLPI autoload : file ../inc/ticket2.class.php not founded trying to load class 'Ticket2'
Variables:<wddxPacket version='1.0'><header><comment>Variables</comment></header><data><struct><var name='classname'><string>Ticket2</string></var><var name='DEBUG_AUTOLOAD'><null/></var><var name='notfound'><array length='0'></array></var><var name='dir'><string>../inc/</string></var><var name='plug'><boolean value='false'/></var><var name='item'><string>ticket2</string></var><var name='matches'><array length='0'></array></var></struct></data></wddxPacket>
Backtrace :
C:\xampp\htdocs\itams\inc\includes.php:97		trigger_error()
C:\xampp\htdocs\itams\front\helpdesk.public.php:97		__autoload()

2011-10-04 14:06 [10@USER-PC]
User Notice(1024): GLPI autoload : file ../inc/ticket2.class.php not founded trying to load class 'Ticket2'
Variables:<wddxPacket version='1.0'><header><comment>Variables</comment></header><data><struct><var name='classname'><string>Ticket2</string></var><var name='DEBUG_AUTOLOAD'><null/></var><var name='notfound'><array length='0'></array></var><var name='dir'><string>../inc/</string></var><var name='plug'><boolean value='false'/></var><var name='item'><string>ticket2</string></var><var name='matches'><array length='0'></array></var></struct></data></wddxPacket>
Backtrace :
C:\xampp\htdocs\itams\inc\includes.php:97		trigger_error()
C:\xampp\htdocs\itams\front\helpdesk.public.php:97		__autoload()

2011-10-04 14:07 [10@USER-PC]
User Notice(1024): GLPI autoload : file ../inc/ticket2.class.php not founded trying to load class 'Ticket2'
Variables:<wddxPacket version='1.0'><header><comment>Variables</comment></header><data><struct><var name='classname'><string>Ticket2</string></var><var name='DEBUG_AUTOLOAD'><null/></var><var name='notfound'><array length='0'></array></var><var name='dir'><string>../inc/</string></var><var name='plug'><boolean value='false'/></var><var name='item'><string>ticket2</string></var><var name='matches'><array length='0'></array></var></struct></data></wddxPacket>
Backtrace :
C:\xampp\htdocs\itams\inc\includes.php:97		trigger_error()
C:\xampp\htdocs\itams\front\helpdesk.public.php:97		__autoload()

2011-10-04 14:07 [10@USER-PC]
User Notice(1024): GLPI autoload : file ../inc/ticket2.class.php not founded trying to load class 'Ticket2'
Variables:<wddxPacket version='1.0'><header><comment>Variables</comment></header><data><struct><var name='classname'><string>Ticket2</string></var><var name='DEBUG_AUTOLOAD'><null/></var><var name='notfound'><array length='0'></array></var><var name='dir'><string>../inc/</string></var><var name='plug'><boolean value='false'/></var><var name='item'><string>ticket2</string></var><var name='matches'><array length='0'></array></var></struct></data></wddxPacket>
Backtrace :
C:\xampp\htdocs\itams\inc\includes.php:97		trigger_error()
C:\xampp\htdocs\itams\front\helpdesk.public.php:97		__autoload()

2011-10-04 18:59 [2@USER-PC]
Notice(8): Undefined variable: idimpact
Backtrace :
C:\xampp\htdocs\itams\inc\common.function.php:342		userErrorHandlerNormal()
C:\xampp\htdocs\itams\inc\ticket.class.php:4714		userErrorHandlerDebug()
C:\xampp\htdocs\itams\front\ticket.form.php:175		Ticket->showForm()

2011-10-04 18:59 [2@USER-PC]
Notice(8): Undefined variable: rand_observer_ticket
Backtrace :
C:\xampp\htdocs\itams\inc\common.function.php:342		userErrorHandlerNormal()
C:\xampp\htdocs\itams\inc\ticket.class.php:4244		userErrorHandlerDebug()
C:\xampp\htdocs\itams\inc\ticket.class.php:4776		Ticket->showActorsPartForm()
C:\xampp\htdocs\itams\front\ticket.form.php:175		Ticket->showForm()

2011-10-04 18:59 [2@USER-PC]
Notice(8): Undefined variable: rand_observer_ticket
Backtrace :
C:\xampp\htdocs\itams\inc\common.function.php:342		userErrorHandlerNormal()
C:\xampp\htdocs\itams\inc\ticket.class.php:4245		userErrorHandlerDebug()
C:\xampp\htdocs\itams\inc\ticket.class.php:4776		Ticket->showActorsPartForm()
C:\xampp\htdocs\itams\front\ticket.form.php:175		Ticket->showForm()

2011-10-04 19:02 [2@USER-PC]
Notice(8): Undefined variable: rand_observer_ticket
Backtrace :
C:\xampp\htdocs\itams\inc\common.function.php:342		userErrorHandlerNormal()
C:\xampp\htdocs\itams\inc\ticket.class.php:4244		userErrorHandlerDebug()
C:\xampp\htdocs\itams\inc\ticket.class.php:4776		Ticket->showActorsPartForm()
C:\xampp\htdocs\itams\front\ticket.form.php:175		Ticket->showForm()

2011-10-04 19:02 [2@USER-PC]
Notice(8): Undefined variable: rand_observer_ticket
Backtrace :
C:\xampp\htdocs\itams\inc\common.function.php:342		userErrorHandlerNormal()
C:\xampp\htdocs\itams\inc\ticket.class.php:4245		userErrorHandlerDebug()
C:\xampp\htdocs\itams\inc\ticket.class.php:4776		Ticket->showActorsPartForm()
C:\xampp\htdocs\itams\front\ticket.form.php:175		Ticket->showForm()

2011-10-04 19:08 [2@USER-PC]
Notice(8): Undefined variable: rand_observer_ticket
Backtrace :
C:\xampp\htdocs\itams\inc\common.function.php:342		userErrorHandlerNormal()
C:\xampp\htdocs\itams\inc\ticket.class.php:4244		userErrorHandlerDebug()
C:\xampp\htdocs\itams\inc\ticket.class.php:4776		Ticket->showActorsPartForm()
C:\xampp\htdocs\itams\front\ticket.form.php:175		Ticket->showForm()

2011-10-04 19:08 [2@USER-PC]
Notice(8): Undefined variable: rand_observer_ticket
Backtrace :
C:\xampp\htdocs\itams\inc\common.function.php:342		userErrorHandlerNormal()
C:\xampp\htdocs\itams\inc\ticket.class.php:4245		userErrorHandlerDebug()
C:\xampp\htdocs\itams\inc\ticket.class.php:4776		Ticket->showActorsPartForm()
C:\xampp\htdocs\itams\front\ticket.form.php:175		Ticket->showForm()

2011-10-04 19:09 [2@USER-PC]
Notice(8): Undefined variable: idimpact
Backtrace :
C:\xampp\htdocs\itams\inc\common.function.php:342		userErrorHandlerNormal()
C:\xampp\htdocs\itams\inc\ticket.class.php:4701		userErrorHandlerDebug()
C:\xampp\htdocs\itams\front\ticket.form.php:175		Ticket->showForm()

2011-10-04 19:09 [2@USER-PC]
Notice(8): Undefined variable: rand_observer_ticket
Backtrace :
C:\xampp\htdocs\itams\inc\common.function.php:342		userErrorHandlerNormal()
C:\xampp\htdocs\itams\inc\ticket.class.php:4243		userErrorHandlerDebug()
C:\xampp\htdocs\itams\inc\ticket.class.php:4762		Ticket->showActorsPartForm()
C:\xampp\htdocs\itams\front\ticket.form.php:175		Ticket->showForm()

2011-10-04 19:09 [2@USER-PC]
Notice(8): Undefined variable: rand_observer_ticket
Backtrace :
C:\xampp\htdocs\itams\inc\common.function.php:342		userErrorHandlerNormal()
C:\xampp\htdocs\itams\inc\ticket.class.php:4244		userErrorHandlerDebug()
C:\xampp\htdocs\itams\inc\ticket.class.php:4762		Ticket->showActorsPartForm()
C:\xampp\htdocs\itams\front\ticket.form.php:175		Ticket->showForm()

2011-10-04 19:09 [2@USER-PC]
Notice(8): Undefined variable: idimpact
Backtrace :
C:\xampp\htdocs\itams\inc\common.function.php:342		userErrorHandlerNormal()
C:\xampp\htdocs\itams\inc\ticket.class.php:4701		userErrorHandlerDebug()
C:\xampp\htdocs\itams\front\ticket.form.php:175		Ticket->showForm()

2011-10-04 19:09 [2@USER-PC]
Notice(8): Undefined variable: rand_observer_ticket
Backtrace :
C:\xampp\htdocs\itams\inc\common.function.php:342		userErrorHandlerNormal()
C:\xampp\htdocs\itams\inc\ticket.class.php:4243		userErrorHandlerDebug()
C:\xampp\htdocs\itams\inc\ticket.class.php:4762		Ticket->showActorsPartForm()
C:\xampp\htdocs\itams\front\ticket.form.php:175		Ticket->showForm()

2011-10-04 19:09 [2@USER-PC]
Notice(8): Undefined variable: rand_observer_ticket
Backtrace :
C:\xampp\htdocs\itams\inc\common.function.php:342		userErrorHandlerNormal()
C:\xampp\htdocs\itams\inc\ticket.class.php:4244		userErrorHandlerDebug()
C:\xampp\htdocs\itams\inc\ticket.class.php:4762		Ticket->showActorsPartForm()
C:\xampp\htdocs\itams\front\ticket.form.php:175		Ticket->showForm()

2011-10-04 19:12 [2@USER-PC]
Notice(8): Undefined variable: idimpact
Backtrace :
C:\xampp\htdocs\itams\inc\common.function.php:342		userErrorHandlerNormal()
C:\xampp\htdocs\itams\inc\ticket.class.php:4701		userErrorHandlerDebug()
C:\xampp\htdocs\itams\front\ticket.form.php:175		Ticket->showForm()

2011-10-04 19:12 [2@USER-PC]
Notice(8): Undefined variable: rand_observer_ticket
Backtrace :
C:\xampp\htdocs\itams\inc\common.function.php:342		userErrorHandlerNormal()
C:\xampp\htdocs\itams\inc\ticket.class.php:4243		userErrorHandlerDebug()
C:\xampp\htdocs\itams\inc\ticket.class.php:4762		Ticket->showActorsPartForm()
C:\xampp\htdocs\itams\front\ticket.form.php:175		Ticket->showForm()

2011-10-04 19:12 [2@USER-PC]
Notice(8): Undefined variable: rand_observer_ticket
Backtrace :
C:\xampp\htdocs\itams\inc\common.function.php:342		userErrorHandlerNormal()
C:\xampp\htdocs\itams\inc\ticket.class.php:4244		userErrorHandlerDebug()
C:\xampp\htdocs\itams\inc\ticket.class.php:4762		Ticket->showActorsPartForm()
C:\xampp\htdocs\itams\front\ticket.form.php:175		Ticket->showForm()

2011-10-04 19:12 [2@USER-PC]
Notice(8): Undefined variable: idimpact
Backtrace :
C:\xampp\htdocs\itams\inc\common.function.php:342		userErrorHandlerNormal()
C:\xampp\htdocs\itams\inc\ticket.class.php:4701		userErrorHandlerDebug()
C:\xampp\htdocs\itams\front\ticket.form.php:175		Ticket->showForm()

2011-10-04 19:12 [2@USER-PC]
Notice(8): Undefined variable: rand_observer_ticket
Backtrace :
C:\xampp\htdocs\itams\inc\common.function.php:342		userErrorHandlerNormal()
C:\xampp\htdocs\itams\inc\ticket.class.php:4243		userErrorHandlerDebug()
C:\xampp\htdocs\itams\inc\ticket.class.php:4762		Ticket->showActorsPartForm()
C:\xampp\htdocs\itams\front\ticket.form.php:175		Ticket->showForm()

2011-10-04 19:12 [2@USER-PC]
Notice(8): Undefined variable: rand_observer_ticket
Backtrace :
C:\xampp\htdocs\itams\inc\common.function.php:342		userErrorHandlerNormal()
C:\xampp\htdocs\itams\inc\ticket.class.php:4244		userErrorHandlerDebug()
C:\xampp\htdocs\itams\inc\ticket.class.php:4762		Ticket->showActorsPartForm()
C:\xampp\htdocs\itams\front\ticket.form.php:175		Ticket->showForm()

2011-10-04 19:12 [2@USER-PC]
Notice(8): Undefined variable: rand_observer_ticket
Backtrace :
C:\xampp\htdocs\itams\inc\common.function.php:342		userErrorHandlerNormal()
C:\xampp\htdocs\itams\inc\ticket.class.php:4243		userErrorHandlerDebug()
C:\xampp\htdocs\itams\inc\ticket.class.php:4762		Ticket->showActorsPartForm()
C:\xampp\htdocs\itams\front\ticket.form.php:175		Ticket->showForm()

2011-10-04 19:12 [2@USER-PC]
Notice(8): Undefined variable: rand_observer_ticket
Backtrace :
C:\xampp\htdocs\itams\inc\common.function.php:342		userErrorHandlerNormal()
C:\xampp\htdocs\itams\inc\ticket.class.php:4244		userErrorHandlerDebug()
C:\xampp\htdocs\itams\inc\ticket.class.php:4762		Ticket->showActorsPartForm()
C:\xampp\htdocs\itams\front\ticket.form.php:175		Ticket->showForm()

2011-10-04 19:12 [10@USER-PC]
Notice(8): Undefined variable: rand_observer_ticket
Backtrace :
C:\xampp\htdocs\itams\inc\ticket.class.php:4243		userErrorHandlerNormal()
C:\xampp\htdocs\itams\inc\ticket.class.php:4762		Ticket->showActorsPartForm()
C:\xampp\htdocs\itams\front\ticket.form.php:175		Ticket->showForm()

2011-10-04 19:12 [10@USER-PC]
Notice(8): Undefined variable: rand_observer_ticket
Backtrace :
C:\xampp\htdocs\itams\inc\ticket.class.php:4244		userErrorHandlerNormal()
C:\xampp\htdocs\itams\inc\ticket.class.php:4762		Ticket->showActorsPartForm()
C:\xampp\htdocs\itams\front\ticket.form.php:175		Ticket->showForm()

2011-10-04 19:13 [2@USER-PC]
Notice(8): Undefined variable: rand_observer_ticket
Backtrace :
C:\xampp\htdocs\itams\inc\common.function.php:342		userErrorHandlerNormal()
C:\xampp\htdocs\itams\inc\ticket.class.php:4243		userErrorHandlerDebug()
C:\xampp\htdocs\itams\inc\ticket.class.php:4762		Ticket->showActorsPartForm()
C:\xampp\htdocs\itams\front\ticket.form.php:175		Ticket->showForm()

2011-10-04 19:13 [2@USER-PC]
Notice(8): Undefined variable: rand_observer_ticket
Backtrace :
C:\xampp\htdocs\itams\inc\common.function.php:342		userErrorHandlerNormal()
C:\xampp\htdocs\itams\inc\ticket.class.php:4244		userErrorHandlerDebug()
C:\xampp\htdocs\itams\inc\ticket.class.php:4762		Ticket->showActorsPartForm()
C:\xampp\htdocs\itams\front\ticket.form.php:175		Ticket->showForm()

2011-10-04 19:13 [2@USER-PC]
Notice(8): Undefined variable: rand_observer_ticket
Backtrace :
C:\xampp\htdocs\itams\inc\common.function.php:342		userErrorHandlerNormal()
C:\xampp\htdocs\itams\inc\ticket.class.php:4244		userErrorHandlerDebug()
C:\xampp\htdocs\itams\inc\ticket.class.php:4763		Ticket->showActorsPartForm()
C:\xampp\htdocs\itams\front\ticket.form.php:175		Ticket->showForm()

2011-10-04 19:13 [2@USER-PC]
Notice(8): Undefined variable: rand_observer_ticket
Backtrace :
C:\xampp\htdocs\itams\inc\common.function.php:342		userErrorHandlerNormal()
C:\xampp\htdocs\itams\inc\ticket.class.php:4245		userErrorHandlerDebug()
C:\xampp\htdocs\itams\inc\ticket.class.php:4763		Ticket->showActorsPartForm()
C:\xampp\htdocs\itams\front\ticket.form.php:175		Ticket->showForm()

2011-10-04 21:25 [10@USER-PC]
Notice(8): Undefined variable: id
Backtrace :
C:\xampp\htdocs\itams\inc\ticket.class.php:2960		userErrorHandlerNormal()
C:\xampp\htdocs\itams\inc\display.function.php:2291		Ticket::profileUrgency()
C:\xampp\htdocs\itams\front\helpdesk.public.php:89		printHelpDesk()

2011-10-04 22:56 [10@USER-PC]
Notice(8): Undefined variable: id
Backtrace :
C:\xampp\htdocs\itams\inc\ticket.class.php:2960		userErrorHandlerNormal()
C:\xampp\htdocs\itams\inc\display.function.php:2291		Ticket::profileUrgency()
C:\xampp\htdocs\itams\front\helpdesk.public.php:89		printHelpDesk()

2011-10-04 22:56 [10@USER-PC]
Notice(8): Undefined variable: id
Backtrace :
C:\xampp\htdocs\itams\inc\ticket.class.php:2960		userErrorHandlerNormal()
C:\xampp\htdocs\itams\inc\display.function.php:2291		Ticket::profileUrgency()
C:\xampp\htdocs\itams\front\helpdesk.public.php:89		printHelpDesk()

2011-10-04 23:00 [2@USER-PC]
Notice(8): Undefined index: _users_id_requester
Backtrace :
C:\xampp\htdocs\itams\inc\common.function.php:342		userErrorHandlerNormal()
C:\xampp\htdocs\itams\inc\ticket.class.php:4210		userErrorHandlerDebug()
C:\xampp\htdocs\itams\inc\ticket.class.php:4771		Ticket->showActorsPartForm()
C:\xampp\htdocs\itams\front\ticket.form.php:175		Ticket->showForm()

2011-10-04 23:00 [2@USER-PC]
Notice(8): Undefined property: Ticket::$countentitiesforuser
Backtrace :
C:\xampp\htdocs\itams\inc\common.function.php:342		userErrorHandlerNormal()
C:\xampp\htdocs\itams\inc\ticket.class.php:4217		userErrorHandlerDebug()
C:\xampp\htdocs\itams\inc\ticket.class.php:4771		Ticket->showActorsPartForm()
C:\xampp\htdocs\itams\front\ticket.form.php:175		Ticket->showForm()

